[2022-06-22 10:34:22,381] {processor.py:163} INFO - Started process (PID=25044) to work on /opt/airflow/dags/cos_6611_with_db/cos_6611_ipo_2_cos_ssp_with_db.py
[2022-06-22 10:34:22,383] {processor.py:642} INFO - Processing file /opt/airflow/dags/cos_6611_with_db/cos_6611_ipo_2_cos_ssp_with_db.py for tasks to queue
[2022-06-22 10:34:22,383] {logging_mixin.py:109} INFO - [2022-06-22 10:34:22,383] {dagbag.py:500} INFO - Filling up the DagBag from /opt/airflow/dags/cos_6611_with_db/cos_6611_ipo_2_cos_ssp_with_db.py
[2022-06-22 10:34:23,048] {processor.py:654} INFO - DAG(s) dict_keys(['cos_6611_ipo_2_cos_ssp_with_db.py']) retrieved from /opt/airflow/dags/cos_6611_with_db/cos_6611_ipo_2_cos_ssp_with_db.py
[2022-06-22 10:34:23,067] {logging_mixin.py:109} INFO - [2022-06-22 10:34:23,067] {dag.py:2398} INFO - Sync 1 DAGs
[2022-06-22 10:34:23,078] {logging_mixin.py:109} INFO - [2022-06-22 10:34:23,078] {dag.py:2937} INFO - Setting next_dagrun for cos_6611_ipo_2_cos_ssp_with_db.py to None
[2022-06-22 10:34:23,084] {processor.py:171} INFO - Processing /opt/airflow/dags/cos_6611_with_db/cos_6611_ipo_2_cos_ssp_with_db.py took 0.706 seconds
[2022-06-22 10:34:53,857] {processor.py:163} INFO - Started process (PID=25204) to work on /opt/airflow/dags/cos_6611_with_db/cos_6611_ipo_2_cos_ssp_with_db.py
[2022-06-22 10:34:53,863] {processor.py:642} INFO - Processing file /opt/airflow/dags/cos_6611_with_db/cos_6611_ipo_2_cos_ssp_with_db.py for tasks to queue
[2022-06-22 10:34:53,863] {logging_mixin.py:109} INFO - [2022-06-22 10:34:53,863] {dagbag.py:500} INFO - Filling up the DagBag from /opt/airflow/dags/cos_6611_with_db/cos_6611_ipo_2_cos_ssp_with_db.py
[2022-06-22 10:34:54,660] {processor.py:654} INFO - DAG(s) dict_keys(['cos_6611_ipo_2_cos_ssp_with_db.py']) retrieved from /opt/airflow/dags/cos_6611_with_db/cos_6611_ipo_2_cos_ssp_with_db.py
[2022-06-22 10:34:54,682] {logging_mixin.py:109} INFO - [2022-06-22 10:34:54,682] {dag.py:2398} INFO - Sync 1 DAGs
[2022-06-22 10:34:54,692] {logging_mixin.py:109} INFO - [2022-06-22 10:34:54,692] {dag.py:2937} INFO - Setting next_dagrun for cos_6611_ipo_2_cos_ssp_with_db.py to None
[2022-06-22 10:34:54,699] {processor.py:171} INFO - Processing /opt/airflow/dags/cos_6611_with_db/cos_6611_ipo_2_cos_ssp_with_db.py took 0.844 seconds
[2022-06-22 10:35:25,466] {processor.py:163} INFO - Started process (PID=25365) to work on /opt/airflow/dags/cos_6611_with_db/cos_6611_ipo_2_cos_ssp_with_db.py
[2022-06-22 10:35:25,467] {processor.py:642} INFO - Processing file /opt/airflow/dags/cos_6611_with_db/cos_6611_ipo_2_cos_ssp_with_db.py for tasks to queue
[2022-06-22 10:35:25,467] {logging_mixin.py:109} INFO - [2022-06-22 10:35:25,467] {dagbag.py:500} INFO - Filling up the DagBag from /opt/airflow/dags/cos_6611_with_db/cos_6611_ipo_2_cos_ssp_with_db.py
[2022-06-22 10:35:26,422] {processor.py:654} INFO - DAG(s) dict_keys(['cos_6611_ipo_2_cos_ssp_with_db.py']) retrieved from /opt/airflow/dags/cos_6611_with_db/cos_6611_ipo_2_cos_ssp_with_db.py
[2022-06-22 10:35:26,461] {logging_mixin.py:109} INFO - [2022-06-22 10:35:26,461] {dag.py:2398} INFO - Sync 1 DAGs
[2022-06-22 10:35:26,486] {logging_mixin.py:109} INFO - [2022-06-22 10:35:26,486] {dag.py:2937} INFO - Setting next_dagrun for cos_6611_ipo_2_cos_ssp_with_db.py to None
[2022-06-22 10:35:26,501] {processor.py:171} INFO - Processing /opt/airflow/dags/cos_6611_with_db/cos_6611_ipo_2_cos_ssp_with_db.py took 1.036 seconds
[2022-06-22 10:35:56,818] {processor.py:163} INFO - Started process (PID=25517) to work on /opt/airflow/dags/cos_6611_with_db/cos_6611_ipo_2_cos_ssp_with_db.py
[2022-06-22 10:35:56,820] {processor.py:642} INFO - Processing file /opt/airflow/dags/cos_6611_with_db/cos_6611_ipo_2_cos_ssp_with_db.py for tasks to queue
[2022-06-22 10:35:56,821] {logging_mixin.py:109} INFO - [2022-06-22 10:35:56,821] {dagbag.py:500} INFO - Filling up the DagBag from /opt/airflow/dags/cos_6611_with_db/cos_6611_ipo_2_cos_ssp_with_db.py
[2022-06-22 10:35:57,630] {processor.py:654} INFO - DAG(s) dict_keys(['cos_6611_ipo_2_cos_ssp_with_db.py']) retrieved from /opt/airflow/dags/cos_6611_with_db/cos_6611_ipo_2_cos_ssp_with_db.py
[2022-06-22 10:35:57,650] {logging_mixin.py:109} INFO - [2022-06-22 10:35:57,650] {dag.py:2398} INFO - Sync 1 DAGs
[2022-06-22 10:35:57,661] {logging_mixin.py:109} INFO - [2022-06-22 10:35:57,661] {dag.py:2937} INFO - Setting next_dagrun for cos_6611_ipo_2_cos_ssp_with_db.py to None
[2022-06-22 10:35:57,667] {processor.py:171} INFO - Processing /opt/airflow/dags/cos_6611_with_db/cos_6611_ipo_2_cos_ssp_with_db.py took 0.852 seconds
