[2022-06-22 10:34:22,377] {processor.py:163} INFO - Started process (PID=25043) to work on /opt/airflow/dags/cos_6611_with_db/cos_6611_ipo_2_cos_calendar_with_db.py
[2022-06-22 10:34:22,378] {processor.py:642} INFO - Processing file /opt/airflow/dags/cos_6611_with_db/cos_6611_ipo_2_cos_calendar_with_db.py for tasks to queue
[2022-06-22 10:34:22,379] {logging_mixin.py:109} INFO - [2022-06-22 10:34:22,379] {dagbag.py:500} INFO - Filling up the DagBag from /opt/airflow/dags/cos_6611_with_db/cos_6611_ipo_2_cos_calendar_with_db.py
[2022-06-22 10:34:23,061] {processor.py:654} INFO - DAG(s) dict_keys(['cos_6611_ipo_2_cos_calendar_with_db.py']) retrieved from /opt/airflow/dags/cos_6611_with_db/cos_6611_ipo_2_cos_calendar_with_db.py
[2022-06-22 10:34:23,080] {logging_mixin.py:109} INFO - [2022-06-22 10:34:23,080] {dag.py:2398} INFO - Sync 1 DAGs
[2022-06-22 10:34:23,090] {logging_mixin.py:109} INFO - [2022-06-22 10:34:23,090] {dag.py:2937} INFO - Setting next_dagrun for cos_6611_ipo_2_cos_calendar_with_db.py to None
[2022-06-22 10:34:23,106] {processor.py:171} INFO - Processing /opt/airflow/dags/cos_6611_with_db/cos_6611_ipo_2_cos_calendar_with_db.py took 0.733 seconds
[2022-06-22 10:34:53,476] {processor.py:163} INFO - Started process (PID=25197) to work on /opt/airflow/dags/cos_6611_with_db/cos_6611_ipo_2_cos_calendar_with_db.py
[2022-06-22 10:34:53,481] {processor.py:642} INFO - Processing file /opt/airflow/dags/cos_6611_with_db/cos_6611_ipo_2_cos_calendar_with_db.py for tasks to queue
[2022-06-22 10:34:53,482] {logging_mixin.py:109} INFO - [2022-06-22 10:34:53,482] {dagbag.py:500} INFO - Filling up the DagBag from /opt/airflow/dags/cos_6611_with_db/cos_6611_ipo_2_cos_calendar_with_db.py
[2022-06-22 10:34:54,278] {processor.py:654} INFO - DAG(s) dict_keys(['cos_6611_ipo_2_cos_calendar_with_db.py']) retrieved from /opt/airflow/dags/cos_6611_with_db/cos_6611_ipo_2_cos_calendar_with_db.py
[2022-06-22 10:34:54,297] {logging_mixin.py:109} INFO - [2022-06-22 10:34:54,297] {dag.py:2398} INFO - Sync 1 DAGs
[2022-06-22 10:34:54,308] {logging_mixin.py:109} INFO - [2022-06-22 10:34:54,308] {dag.py:2937} INFO - Setting next_dagrun for cos_6611_ipo_2_cos_calendar_with_db.py to None
[2022-06-22 10:34:54,316] {processor.py:171} INFO - Processing /opt/airflow/dags/cos_6611_with_db/cos_6611_ipo_2_cos_calendar_with_db.py took 0.842 seconds
[2022-06-22 10:35:24,447] {processor.py:163} INFO - Started process (PID=25346) to work on /opt/airflow/dags/cos_6611_with_db/cos_6611_ipo_2_cos_calendar_with_db.py
[2022-06-22 10:35:24,448] {processor.py:642} INFO - Processing file /opt/airflow/dags/cos_6611_with_db/cos_6611_ipo_2_cos_calendar_with_db.py for tasks to queue
[2022-06-22 10:35:24,449] {logging_mixin.py:109} INFO - [2022-06-22 10:35:24,449] {dagbag.py:500} INFO - Filling up the DagBag from /opt/airflow/dags/cos_6611_with_db/cos_6611_ipo_2_cos_calendar_with_db.py
[2022-06-22 10:35:25,085] {processor.py:654} INFO - DAG(s) dict_keys(['cos_6611_ipo_2_cos_calendar_with_db.py']) retrieved from /opt/airflow/dags/cos_6611_with_db/cos_6611_ipo_2_cos_calendar_with_db.py
[2022-06-22 10:35:25,102] {logging_mixin.py:109} INFO - [2022-06-22 10:35:25,102] {dag.py:2398} INFO - Sync 1 DAGs
[2022-06-22 10:35:25,111] {logging_mixin.py:109} INFO - [2022-06-22 10:35:25,111] {dag.py:2937} INFO - Setting next_dagrun for cos_6611_ipo_2_cos_calendar_with_db.py to None
[2022-06-22 10:35:25,117] {processor.py:171} INFO - Processing /opt/airflow/dags/cos_6611_with_db/cos_6611_ipo_2_cos_calendar_with_db.py took 0.672 seconds
[2022-06-22 10:35:55,350] {processor.py:163} INFO - Started process (PID=25496) to work on /opt/airflow/dags/cos_6611_with_db/cos_6611_ipo_2_cos_calendar_with_db.py
[2022-06-22 10:35:55,351] {processor.py:642} INFO - Processing file /opt/airflow/dags/cos_6611_with_db/cos_6611_ipo_2_cos_calendar_with_db.py for tasks to queue
[2022-06-22 10:35:55,351] {logging_mixin.py:109} INFO - [2022-06-22 10:35:55,351] {dagbag.py:500} INFO - Filling up the DagBag from /opt/airflow/dags/cos_6611_with_db/cos_6611_ipo_2_cos_calendar_with_db.py
[2022-06-22 10:35:56,080] {processor.py:654} INFO - DAG(s) dict_keys(['cos_6611_ipo_2_cos_calendar_with_db.py']) retrieved from /opt/airflow/dags/cos_6611_with_db/cos_6611_ipo_2_cos_calendar_with_db.py
[2022-06-22 10:35:56,100] {logging_mixin.py:109} INFO - [2022-06-22 10:35:56,100] {dag.py:2398} INFO - Sync 1 DAGs
[2022-06-22 10:35:56,112] {logging_mixin.py:109} INFO - [2022-06-22 10:35:56,112] {dag.py:2937} INFO - Setting next_dagrun for cos_6611_ipo_2_cos_calendar_with_db.py to None
[2022-06-22 10:35:56,118] {processor.py:171} INFO - Processing /opt/airflow/dags/cos_6611_with_db/cos_6611_ipo_2_cos_calendar_with_db.py took 0.770 seconds
