[2022-06-22 10:34:28,180] {processor.py:163} INFO - Started process (PID=25132) to work on /opt/airflow/dags/example_short_circuit.py
[2022-06-22 10:34:28,181] {processor.py:642} INFO - Processing file /opt/airflow/dags/example_short_circuit.py for tasks to queue
[2022-06-22 10:34:28,181] {logging_mixin.py:109} INFO - [2022-06-22 10:34:28,181] {dagbag.py:500} INFO - Filling up the DagBag from /opt/airflow/dags/example_short_circuit.py
[2022-06-22 10:34:28,206] {processor.py:654} INFO - DAG(s) dict_keys(['example_short_circuit_operator']) retrieved from /opt/airflow/dags/example_short_circuit.py
[2022-06-22 10:34:28,215] {logging_mixin.py:109} INFO - [2022-06-22 10:34:28,214] {dag.py:2398} INFO - Sync 1 DAGs
[2022-06-22 10:34:28,227] {logging_mixin.py:109} INFO - [2022-06-22 10:34:28,226] {dag.py:2937} INFO - Setting next_dagrun for example_short_circuit_operator to 2022-06-21T10:34:28.226730+00:00
[2022-06-22 10:34:28,233] {processor.py:171} INFO - Processing /opt/airflow/dags/example_short_circuit.py took 0.055 seconds
[2022-06-22 10:35:00,265] {processor.py:163} INFO - Started process (PID=25284) to work on /opt/airflow/dags/example_short_circuit.py
[2022-06-22 10:35:00,266] {processor.py:642} INFO - Processing file /opt/airflow/dags/example_short_circuit.py for tasks to queue
[2022-06-22 10:35:00,266] {logging_mixin.py:109} INFO - [2022-06-22 10:35:00,266] {dagbag.py:500} INFO - Filling up the DagBag from /opt/airflow/dags/example_short_circuit.py
[2022-06-22 10:35:00,288] {processor.py:654} INFO - DAG(s) dict_keys(['example_short_circuit_operator']) retrieved from /opt/airflow/dags/example_short_circuit.py
[2022-06-22 10:35:00,297] {logging_mixin.py:109} INFO - [2022-06-22 10:35:00,297] {dag.py:2398} INFO - Sync 1 DAGs
[2022-06-22 10:35:00,308] {logging_mixin.py:109} INFO - [2022-06-22 10:35:00,308] {dag.py:2937} INFO - Setting next_dagrun for example_short_circuit_operator to 2022-06-21T10:35:00.307973+00:00
[2022-06-22 10:35:00,314] {processor.py:171} INFO - Processing /opt/airflow/dags/example_short_circuit.py took 0.051 seconds
[2022-06-22 10:35:30,896] {processor.py:163} INFO - Started process (PID=25433) to work on /opt/airflow/dags/example_short_circuit.py
[2022-06-22 10:35:30,909] {processor.py:642} INFO - Processing file /opt/airflow/dags/example_short_circuit.py for tasks to queue
[2022-06-22 10:35:30,909] {logging_mixin.py:109} INFO - [2022-06-22 10:35:30,909] {dagbag.py:500} INFO - Filling up the DagBag from /opt/airflow/dags/example_short_circuit.py
[2022-06-22 10:35:30,936] {processor.py:654} INFO - DAG(s) dict_keys(['example_short_circuit_operator']) retrieved from /opt/airflow/dags/example_short_circuit.py
[2022-06-22 10:35:30,945] {logging_mixin.py:109} INFO - [2022-06-22 10:35:30,945] {dag.py:2398} INFO - Sync 1 DAGs
[2022-06-22 10:35:30,957] {logging_mixin.py:109} INFO - [2022-06-22 10:35:30,957] {dag.py:2937} INFO - Setting next_dagrun for example_short_circuit_operator to 2022-06-21T10:35:30.957379+00:00
[2022-06-22 10:35:30,975] {processor.py:171} INFO - Processing /opt/airflow/dags/example_short_circuit.py took 0.093 seconds
[2022-06-22 10:36:02,179] {processor.py:163} INFO - Started process (PID=25580) to work on /opt/airflow/dags/example_short_circuit.py
[2022-06-22 10:36:02,180] {processor.py:642} INFO - Processing file /opt/airflow/dags/example_short_circuit.py for tasks to queue
[2022-06-22 10:36:02,180] {logging_mixin.py:109} INFO - [2022-06-22 10:36:02,180] {dagbag.py:500} INFO - Filling up the DagBag from /opt/airflow/dags/example_short_circuit.py
[2022-06-22 10:36:02,215] {processor.py:654} INFO - DAG(s) dict_keys(['example_short_circuit_operator']) retrieved from /opt/airflow/dags/example_short_circuit.py
[2022-06-22 10:36:02,226] {logging_mixin.py:109} INFO - [2022-06-22 10:36:02,226] {dag.py:2398} INFO - Sync 1 DAGs
[2022-06-22 10:36:02,241] {logging_mixin.py:109} INFO - [2022-06-22 10:36:02,241] {dag.py:2937} INFO - Setting next_dagrun for example_short_circuit_operator to 2022-06-21T10:36:02.240976+00:00
[2022-06-22 10:36:02,248] {processor.py:171} INFO - Processing /opt/airflow/dags/example_short_circuit.py took 0.071 seconds
