[2022-06-22 10:34:29,617] {processor.py:163} INFO - Started process (PID=25142) to work on /opt/airflow/dags/my_project.py
[2022-06-22 10:34:29,617] {processor.py:642} INFO - Processing file /opt/airflow/dags/my_project.py for tasks to queue
[2022-06-22 10:34:29,618] {logging_mixin.py:109} INFO - [2022-06-22 10:34:29,618] {dagbag.py:500} INFO - Filling up the DagBag from /opt/airflow/dags/my_project.py
[2022-06-22 10:34:29,643] {processor.py:654} INFO - DAG(s) dict_keys(['my_project']) retrieved from /opt/airflow/dags/my_project.py
[2022-06-22 10:34:29,651] {logging_mixin.py:109} INFO - [2022-06-22 10:34:29,651] {dag.py:2398} INFO - Sync 1 DAGs
[2022-06-22 10:34:29,663] {logging_mixin.py:109} INFO - [2022-06-22 10:34:29,663] {dag.py:2937} INFO - Setting next_dagrun for my_project to 2022-06-21 00:00:00+00:00
[2022-06-22 10:34:29,672] {processor.py:171} INFO - Processing /opt/airflow/dags/my_project.py took 0.057 seconds
[2022-06-22 10:35:00,671] {processor.py:163} INFO - Started process (PID=25293) to work on /opt/airflow/dags/my_project.py
[2022-06-22 10:35:00,672] {processor.py:642} INFO - Processing file /opt/airflow/dags/my_project.py for tasks to queue
[2022-06-22 10:35:00,672] {logging_mixin.py:109} INFO - [2022-06-22 10:35:00,672] {dagbag.py:500} INFO - Filling up the DagBag from /opt/airflow/dags/my_project.py
[2022-06-22 10:35:00,695] {processor.py:654} INFO - DAG(s) dict_keys(['my_project']) retrieved from /opt/airflow/dags/my_project.py
[2022-06-22 10:35:00,702] {logging_mixin.py:109} INFO - [2022-06-22 10:35:00,702] {dag.py:2398} INFO - Sync 1 DAGs
[2022-06-22 10:35:00,715] {logging_mixin.py:109} INFO - [2022-06-22 10:35:00,715] {dag.py:2937} INFO - Setting next_dagrun for my_project to 2022-06-21 00:00:00+00:00
[2022-06-22 10:35:00,721] {processor.py:171} INFO - Processing /opt/airflow/dags/my_project.py took 0.051 seconds
[2022-06-22 10:35:32,307] {processor.py:163} INFO - Started process (PID=25451) to work on /opt/airflow/dags/my_project.py
[2022-06-22 10:35:32,308] {processor.py:642} INFO - Processing file /opt/airflow/dags/my_project.py for tasks to queue
[2022-06-22 10:35:32,309] {logging_mixin.py:109} INFO - [2022-06-22 10:35:32,309] {dagbag.py:500} INFO - Filling up the DagBag from /opt/airflow/dags/my_project.py
[2022-06-22 10:35:32,340] {processor.py:654} INFO - DAG(s) dict_keys(['my_project']) retrieved from /opt/airflow/dags/my_project.py
[2022-06-22 10:35:32,348] {logging_mixin.py:109} INFO - [2022-06-22 10:35:32,348] {dag.py:2398} INFO - Sync 1 DAGs
[2022-06-22 10:35:32,362] {logging_mixin.py:109} INFO - [2022-06-22 10:35:32,362] {dag.py:2937} INFO - Setting next_dagrun for my_project to 2022-06-21 00:00:00+00:00
[2022-06-22 10:35:32,369] {processor.py:171} INFO - Processing /opt/airflow/dags/my_project.py took 0.064 seconds
[2022-06-22 10:36:03,326] {processor.py:163} INFO - Started process (PID=25602) to work on /opt/airflow/dags/my_project.py
[2022-06-22 10:36:03,327] {processor.py:642} INFO - Processing file /opt/airflow/dags/my_project.py for tasks to queue
[2022-06-22 10:36:03,327] {logging_mixin.py:109} INFO - [2022-06-22 10:36:03,327] {dagbag.py:500} INFO - Filling up the DagBag from /opt/airflow/dags/my_project.py
[2022-06-22 10:36:03,348] {processor.py:654} INFO - DAG(s) dict_keys(['my_project']) retrieved from /opt/airflow/dags/my_project.py
[2022-06-22 10:36:03,355] {logging_mixin.py:109} INFO - [2022-06-22 10:36:03,355] {dag.py:2398} INFO - Sync 1 DAGs
[2022-06-22 10:36:03,367] {logging_mixin.py:109} INFO - [2022-06-22 10:36:03,367] {dag.py:2937} INFO - Setting next_dagrun for my_project to 2022-06-21 00:00:00+00:00
[2022-06-22 10:36:03,372] {processor.py:171} INFO - Processing /opt/airflow/dags/my_project.py took 0.049 seconds
