[2022-06-22 10:34:29,614] {processor.py:163} INFO - Started process (PID=25141) to work on /opt/airflow/dags/cos_6611/biq_6611_ipo_2_cos_53.py
[2022-06-22 10:34:29,615] {processor.py:642} INFO - Processing file /opt/airflow/dags/cos_6611/biq_6611_ipo_2_cos_53.py for tasks to queue
[2022-06-22 10:34:29,615] {logging_mixin.py:109} INFO - [2022-06-22 10:34:29,615] {dagbag.py:500} INFO - Filling up the DagBag from /opt/airflow/dags/cos_6611/biq_6611_ipo_2_cos_53.py
[2022-06-22 10:34:29,929] {processor.py:654} INFO - DAG(s) dict_keys(['biq_6611_ipo_2_cos_53.py']) retrieved from /opt/airflow/dags/cos_6611/biq_6611_ipo_2_cos_53.py
[2022-06-22 10:34:29,960] {logging_mixin.py:109} INFO - [2022-06-22 10:34:29,960] {dag.py:2398} INFO - Sync 1 DAGs
[2022-06-22 10:34:29,970] {logging_mixin.py:109} INFO - [2022-06-22 10:34:29,970] {dag.py:2937} INFO - Setting next_dagrun for biq_6611_ipo_2_cos_53.py to None
[2022-06-22 10:34:29,976] {processor.py:171} INFO - Processing /opt/airflow/dags/cos_6611/biq_6611_ipo_2_cos_53.py took 0.364 seconds
[2022-06-22 10:35:00,325] {processor.py:163} INFO - Started process (PID=25285) to work on /opt/airflow/dags/cos_6611/biq_6611_ipo_2_cos_53.py
[2022-06-22 10:35:00,326] {processor.py:642} INFO - Processing file /opt/airflow/dags/cos_6611/biq_6611_ipo_2_cos_53.py for tasks to queue
[2022-06-22 10:35:00,327] {logging_mixin.py:109} INFO - [2022-06-22 10:35:00,326] {dagbag.py:500} INFO - Filling up the DagBag from /opt/airflow/dags/cos_6611/biq_6611_ipo_2_cos_53.py
[2022-06-22 10:35:00,626] {processor.py:654} INFO - DAG(s) dict_keys(['biq_6611_ipo_2_cos_53.py']) retrieved from /opt/airflow/dags/cos_6611/biq_6611_ipo_2_cos_53.py
[2022-06-22 10:35:00,644] {logging_mixin.py:109} INFO - [2022-06-22 10:35:00,644] {dag.py:2398} INFO - Sync 1 DAGs
[2022-06-22 10:35:00,655] {logging_mixin.py:109} INFO - [2022-06-22 10:35:00,655] {dag.py:2937} INFO - Setting next_dagrun for biq_6611_ipo_2_cos_53.py to None
[2022-06-22 10:35:00,661] {processor.py:171} INFO - Processing /opt/airflow/dags/cos_6611/biq_6611_ipo_2_cos_53.py took 0.338 seconds
[2022-06-22 10:35:31,441] {processor.py:163} INFO - Started process (PID=25439) to work on /opt/airflow/dags/cos_6611/biq_6611_ipo_2_cos_53.py
[2022-06-22 10:35:31,447] {processor.py:642} INFO - Processing file /opt/airflow/dags/cos_6611/biq_6611_ipo_2_cos_53.py for tasks to queue
[2022-06-22 10:35:31,447] {logging_mixin.py:109} INFO - [2022-06-22 10:35:31,447] {dagbag.py:500} INFO - Filling up the DagBag from /opt/airflow/dags/cos_6611/biq_6611_ipo_2_cos_53.py
[2022-06-22 10:35:31,839] {processor.py:654} INFO - DAG(s) dict_keys(['biq_6611_ipo_2_cos_53.py']) retrieved from /opt/airflow/dags/cos_6611/biq_6611_ipo_2_cos_53.py
[2022-06-22 10:35:31,859] {logging_mixin.py:109} INFO - [2022-06-22 10:35:31,859] {dag.py:2398} INFO - Sync 1 DAGs
[2022-06-22 10:35:31,871] {logging_mixin.py:109} INFO - [2022-06-22 10:35:31,871] {dag.py:2937} INFO - Setting next_dagrun for biq_6611_ipo_2_cos_53.py to None
[2022-06-22 10:35:31,877] {processor.py:171} INFO - Processing /opt/airflow/dags/cos_6611/biq_6611_ipo_2_cos_53.py took 0.438 seconds
[2022-06-22 10:36:02,278] {processor.py:163} INFO - Started process (PID=25582) to work on /opt/airflow/dags/cos_6611/biq_6611_ipo_2_cos_53.py
[2022-06-22 10:36:02,279] {processor.py:642} INFO - Processing file /opt/airflow/dags/cos_6611/biq_6611_ipo_2_cos_53.py for tasks to queue
[2022-06-22 10:36:02,279] {logging_mixin.py:109} INFO - [2022-06-22 10:36:02,279] {dagbag.py:500} INFO - Filling up the DagBag from /opt/airflow/dags/cos_6611/biq_6611_ipo_2_cos_53.py
[2022-06-22 10:36:02,588] {processor.py:654} INFO - DAG(s) dict_keys(['biq_6611_ipo_2_cos_53.py']) retrieved from /opt/airflow/dags/cos_6611/biq_6611_ipo_2_cos_53.py
[2022-06-22 10:36:02,607] {logging_mixin.py:109} INFO - [2022-06-22 10:36:02,606] {dag.py:2398} INFO - Sync 1 DAGs
[2022-06-22 10:36:02,617] {logging_mixin.py:109} INFO - [2022-06-22 10:36:02,617] {dag.py:2937} INFO - Setting next_dagrun for biq_6611_ipo_2_cos_53.py to None
[2022-06-22 10:36:02,624] {processor.py:171} INFO - Processing /opt/airflow/dags/cos_6611/biq_6611_ipo_2_cos_53.py took 0.348 seconds
