[2022-06-22 10:34:29,234] {processor.py:163} INFO - Started process (PID=25133) to work on /opt/airflow/dags/cos_6611/biq_6611_ipo_2_cos_51.py
[2022-06-22 10:34:29,235] {processor.py:642} INFO - Processing file /opt/airflow/dags/cos_6611/biq_6611_ipo_2_cos_51.py for tasks to queue
[2022-06-22 10:34:29,236] {logging_mixin.py:109} INFO - [2022-06-22 10:34:29,236] {dagbag.py:500} INFO - Filling up the DagBag from /opt/airflow/dags/cos_6611/biq_6611_ipo_2_cos_51.py
[2022-06-22 10:34:29,544] {processor.py:654} INFO - DAG(s) dict_keys(['biq_6611_ipo_2_cos_51.py']) retrieved from /opt/airflow/dags/cos_6611/biq_6611_ipo_2_cos_51.py
[2022-06-22 10:34:29,580] {logging_mixin.py:109} INFO - [2022-06-22 10:34:29,580] {dag.py:2398} INFO - Sync 1 DAGs
[2022-06-22 10:34:29,591] {logging_mixin.py:109} INFO - [2022-06-22 10:34:29,591] {dag.py:2937} INFO - Setting next_dagrun for biq_6611_ipo_2_cos_51.py to None
[2022-06-22 10:34:29,602] {processor.py:171} INFO - Processing /opt/airflow/dags/cos_6611/biq_6611_ipo_2_cos_51.py took 0.376 seconds
[2022-06-22 10:34:59,944] {processor.py:163} INFO - Started process (PID=25276) to work on /opt/airflow/dags/cos_6611/biq_6611_ipo_2_cos_51.py
[2022-06-22 10:34:59,945] {processor.py:642} INFO - Processing file /opt/airflow/dags/cos_6611/biq_6611_ipo_2_cos_51.py for tasks to queue
[2022-06-22 10:34:59,945] {logging_mixin.py:109} INFO - [2022-06-22 10:34:59,945] {dagbag.py:500} INFO - Filling up the DagBag from /opt/airflow/dags/cos_6611/biq_6611_ipo_2_cos_51.py
[2022-06-22 10:35:00,216] {processor.py:654} INFO - DAG(s) dict_keys(['biq_6611_ipo_2_cos_51.py']) retrieved from /opt/airflow/dags/cos_6611/biq_6611_ipo_2_cos_51.py
[2022-06-22 10:35:00,235] {logging_mixin.py:109} INFO - [2022-06-22 10:35:00,235] {dag.py:2398} INFO - Sync 1 DAGs
[2022-06-22 10:35:00,246] {logging_mixin.py:109} INFO - [2022-06-22 10:35:00,246] {dag.py:2937} INFO - Setting next_dagrun for biq_6611_ipo_2_cos_51.py to None
[2022-06-22 10:35:00,252] {processor.py:171} INFO - Processing /opt/airflow/dags/cos_6611/biq_6611_ipo_2_cos_51.py took 0.310 seconds
[2022-06-22 10:35:30,329] {processor.py:163} INFO - Started process (PID=25422) to work on /opt/airflow/dags/cos_6611/biq_6611_ipo_2_cos_51.py
[2022-06-22 10:35:30,330] {processor.py:642} INFO - Processing file /opt/airflow/dags/cos_6611/biq_6611_ipo_2_cos_51.py for tasks to queue
[2022-06-22 10:35:30,330] {logging_mixin.py:109} INFO - [2022-06-22 10:35:30,330] {dagbag.py:500} INFO - Filling up the DagBag from /opt/airflow/dags/cos_6611/biq_6611_ipo_2_cos_51.py
[2022-06-22 10:35:30,722] {processor.py:654} INFO - DAG(s) dict_keys(['biq_6611_ipo_2_cos_51.py']) retrieved from /opt/airflow/dags/cos_6611/biq_6611_ipo_2_cos_51.py
[2022-06-22 10:35:30,742] {logging_mixin.py:109} INFO - [2022-06-22 10:35:30,742] {dag.py:2398} INFO - Sync 1 DAGs
[2022-06-22 10:35:30,754] {logging_mixin.py:109} INFO - [2022-06-22 10:35:30,754] {dag.py:2937} INFO - Setting next_dagrun for biq_6611_ipo_2_cos_51.py to None
[2022-06-22 10:35:30,761] {processor.py:171} INFO - Processing /opt/airflow/dags/cos_6611/biq_6611_ipo_2_cos_51.py took 0.434 seconds
[2022-06-22 10:36:01,164] {processor.py:163} INFO - Started process (PID=25559) to work on /opt/airflow/dags/cos_6611/biq_6611_ipo_2_cos_51.py
[2022-06-22 10:36:01,165] {processor.py:642} INFO - Processing file /opt/airflow/dags/cos_6611/biq_6611_ipo_2_cos_51.py for tasks to queue
[2022-06-22 10:36:01,165] {logging_mixin.py:109} INFO - [2022-06-22 10:36:01,165] {dagbag.py:500} INFO - Filling up the DagBag from /opt/airflow/dags/cos_6611/biq_6611_ipo_2_cos_51.py
[2022-06-22 10:36:01,471] {processor.py:654} INFO - DAG(s) dict_keys(['biq_6611_ipo_2_cos_51.py']) retrieved from /opt/airflow/dags/cos_6611/biq_6611_ipo_2_cos_51.py
[2022-06-22 10:36:01,490] {logging_mixin.py:109} INFO - [2022-06-22 10:36:01,490] {dag.py:2398} INFO - Sync 1 DAGs
[2022-06-22 10:36:01,501] {logging_mixin.py:109} INFO - [2022-06-22 10:36:01,501] {dag.py:2937} INFO - Setting next_dagrun for biq_6611_ipo_2_cos_51.py to None
[2022-06-22 10:36:01,558] {processor.py:171} INFO - Processing /opt/airflow/dags/cos_6611/biq_6611_ipo_2_cos_51.py took 0.403 seconds
