[2022-06-22 10:34:27,836] {processor.py:163} INFO - Started process (PID=25124) to work on /opt/airflow/dags/cos_6611/biq_6611_ipo_2_cos_50.py
[2022-06-22 10:34:27,837] {processor.py:642} INFO - Processing file /opt/airflow/dags/cos_6611/biq_6611_ipo_2_cos_50.py for tasks to queue
[2022-06-22 10:34:27,837] {logging_mixin.py:109} INFO - [2022-06-22 10:34:27,837] {dagbag.py:500} INFO - Filling up the DagBag from /opt/airflow/dags/cos_6611/biq_6611_ipo_2_cos_50.py
[2022-06-22 10:34:28,154] {processor.py:654} INFO - DAG(s) dict_keys(['biq_6611_ipo_2_cos_50.py']) retrieved from /opt/airflow/dags/cos_6611/biq_6611_ipo_2_cos_50.py
[2022-06-22 10:34:28,175] {logging_mixin.py:109} INFO - [2022-06-22 10:34:28,174] {dag.py:2398} INFO - Sync 1 DAGs
[2022-06-22 10:34:28,188] {logging_mixin.py:109} INFO - [2022-06-22 10:34:28,188] {dag.py:2937} INFO - Setting next_dagrun for biq_6611_ipo_2_cos_50.py to None
[2022-06-22 10:34:28,195] {processor.py:171} INFO - Processing /opt/airflow/dags/cos_6611/biq_6611_ipo_2_cos_50.py took 0.361 seconds
[2022-06-22 10:34:59,636] {processor.py:163} INFO - Started process (PID=25272) to work on /opt/airflow/dags/cos_6611/biq_6611_ipo_2_cos_50.py
[2022-06-22 10:34:59,637] {processor.py:642} INFO - Processing file /opt/airflow/dags/cos_6611/biq_6611_ipo_2_cos_50.py for tasks to queue
[2022-06-22 10:34:59,637] {logging_mixin.py:109} INFO - [2022-06-22 10:34:59,637] {dagbag.py:500} INFO - Filling up the DagBag from /opt/airflow/dags/cos_6611/biq_6611_ipo_2_cos_50.py
[2022-06-22 10:34:59,895] {processor.py:654} INFO - DAG(s) dict_keys(['biq_6611_ipo_2_cos_50.py']) retrieved from /opt/airflow/dags/cos_6611/biq_6611_ipo_2_cos_50.py
[2022-06-22 10:34:59,913] {logging_mixin.py:109} INFO - [2022-06-22 10:34:59,913] {dag.py:2398} INFO - Sync 1 DAGs
[2022-06-22 10:34:59,924] {logging_mixin.py:109} INFO - [2022-06-22 10:34:59,924] {dag.py:2937} INFO - Setting next_dagrun for biq_6611_ipo_2_cos_50.py to None
[2022-06-22 10:34:59,932] {processor.py:171} INFO - Processing /opt/airflow/dags/cos_6611/biq_6611_ipo_2_cos_50.py took 0.298 seconds
[2022-06-22 10:35:30,326] {processor.py:163} INFO - Started process (PID=25421) to work on /opt/airflow/dags/cos_6611/biq_6611_ipo_2_cos_50.py
[2022-06-22 10:35:30,326] {processor.py:642} INFO - Processing file /opt/airflow/dags/cos_6611/biq_6611_ipo_2_cos_50.py for tasks to queue
[2022-06-22 10:35:30,327] {logging_mixin.py:109} INFO - [2022-06-22 10:35:30,327] {dagbag.py:500} INFO - Filling up the DagBag from /opt/airflow/dags/cos_6611/biq_6611_ipo_2_cos_50.py
[2022-06-22 10:35:30,724] {processor.py:654} INFO - DAG(s) dict_keys(['biq_6611_ipo_2_cos_50.py']) retrieved from /opt/airflow/dags/cos_6611/biq_6611_ipo_2_cos_50.py
[2022-06-22 10:35:30,746] {logging_mixin.py:109} INFO - [2022-06-22 10:35:30,746] {dag.py:2398} INFO - Sync 1 DAGs
[2022-06-22 10:35:30,763] {logging_mixin.py:109} INFO - [2022-06-22 10:35:30,763] {dag.py:2937} INFO - Setting next_dagrun for biq_6611_ipo_2_cos_50.py to None
[2022-06-22 10:35:30,853] {processor.py:171} INFO - Processing /opt/airflow/dags/cos_6611/biq_6611_ipo_2_cos_50.py took 0.530 seconds
[2022-06-22 10:36:01,160] {processor.py:163} INFO - Started process (PID=25558) to work on /opt/airflow/dags/cos_6611/biq_6611_ipo_2_cos_50.py
[2022-06-22 10:36:01,165] {processor.py:642} INFO - Processing file /opt/airflow/dags/cos_6611/biq_6611_ipo_2_cos_50.py for tasks to queue
[2022-06-22 10:36:01,165] {logging_mixin.py:109} INFO - [2022-06-22 10:36:01,165] {dagbag.py:500} INFO - Filling up the DagBag from /opt/airflow/dags/cos_6611/biq_6611_ipo_2_cos_50.py
[2022-06-22 10:36:01,492] {processor.py:654} INFO - DAG(s) dict_keys(['biq_6611_ipo_2_cos_50.py']) retrieved from /opt/airflow/dags/cos_6611/biq_6611_ipo_2_cos_50.py
[2022-06-22 10:36:01,510] {logging_mixin.py:109} INFO - [2022-06-22 10:36:01,510] {dag.py:2398} INFO - Sync 1 DAGs
[2022-06-22 10:36:01,521] {logging_mixin.py:109} INFO - [2022-06-22 10:36:01,521] {dag.py:2937} INFO - Setting next_dagrun for biq_6611_ipo_2_cos_50.py to None
[2022-06-22 10:36:01,557] {processor.py:171} INFO - Processing /opt/airflow/dags/cos_6611/biq_6611_ipo_2_cos_50.py took 0.410 seconds
