[2022-06-22 10:34:29,240] {processor.py:163} INFO - Started process (PID=25134) to work on /opt/airflow/dags/cos_6611/biq_6611_ipo_2_cos_54.py
[2022-06-22 10:34:29,241] {processor.py:642} INFO - Processing file /opt/airflow/dags/cos_6611/biq_6611_ipo_2_cos_54.py for tasks to queue
[2022-06-22 10:34:29,242] {logging_mixin.py:109} INFO - [2022-06-22 10:34:29,242] {dagbag.py:500} INFO - Filling up the DagBag from /opt/airflow/dags/cos_6611/biq_6611_ipo_2_cos_54.py
[2022-06-22 10:34:29,537] {processor.py:654} INFO - DAG(s) dict_keys(['biq_6611_ipo_2_cos_54.py']) retrieved from /opt/airflow/dags/cos_6611/biq_6611_ipo_2_cos_54.py
[2022-06-22 10:34:29,556] {logging_mixin.py:109} INFO - [2022-06-22 10:34:29,556] {dag.py:2398} INFO - Sync 1 DAGs
[2022-06-22 10:34:29,570] {logging_mixin.py:109} INFO - [2022-06-22 10:34:29,570] {dag.py:2937} INFO - Setting next_dagrun for biq_6611_ipo_2_cos_54.py to None
[2022-06-22 10:34:29,579] {processor.py:171} INFO - Processing /opt/airflow/dags/cos_6611/biq_6611_ipo_2_cos_54.py took 0.344 seconds
[2022-06-22 10:34:59,978] {processor.py:163} INFO - Started process (PID=25277) to work on /opt/airflow/dags/cos_6611/biq_6611_ipo_2_cos_54.py
[2022-06-22 10:34:59,979] {processor.py:642} INFO - Processing file /opt/airflow/dags/cos_6611/biq_6611_ipo_2_cos_54.py for tasks to queue
[2022-06-22 10:34:59,979] {logging_mixin.py:109} INFO - [2022-06-22 10:34:59,979] {dagbag.py:500} INFO - Filling up the DagBag from /opt/airflow/dags/cos_6611/biq_6611_ipo_2_cos_54.py
[2022-06-22 10:35:00,289] {processor.py:654} INFO - DAG(s) dict_keys(['biq_6611_ipo_2_cos_54.py']) retrieved from /opt/airflow/dags/cos_6611/biq_6611_ipo_2_cos_54.py
[2022-06-22 10:35:00,307] {logging_mixin.py:109} INFO - [2022-06-22 10:35:00,307] {dag.py:2398} INFO - Sync 1 DAGs
[2022-06-22 10:35:00,318] {logging_mixin.py:109} INFO - [2022-06-22 10:35:00,318] {dag.py:2937} INFO - Setting next_dagrun for biq_6611_ipo_2_cos_54.py to None
[2022-06-22 10:35:00,324] {processor.py:171} INFO - Processing /opt/airflow/dags/cos_6611/biq_6611_ipo_2_cos_54.py took 0.348 seconds
[2022-06-22 10:35:30,992] {processor.py:163} INFO - Started process (PID=25434) to work on /opt/airflow/dags/cos_6611/biq_6611_ipo_2_cos_54.py
[2022-06-22 10:35:31,000] {processor.py:642} INFO - Processing file /opt/airflow/dags/cos_6611/biq_6611_ipo_2_cos_54.py for tasks to queue
[2022-06-22 10:35:31,000] {logging_mixin.py:109} INFO - [2022-06-22 10:35:31,000] {dagbag.py:500} INFO - Filling up the DagBag from /opt/airflow/dags/cos_6611/biq_6611_ipo_2_cos_54.py
[2022-06-22 10:35:31,381] {processor.py:654} INFO - DAG(s) dict_keys(['biq_6611_ipo_2_cos_54.py']) retrieved from /opt/airflow/dags/cos_6611/biq_6611_ipo_2_cos_54.py
[2022-06-22 10:35:31,406] {logging_mixin.py:109} INFO - [2022-06-22 10:35:31,406] {dag.py:2398} INFO - Sync 1 DAGs
[2022-06-22 10:35:31,419] {logging_mixin.py:109} INFO - [2022-06-22 10:35:31,418] {dag.py:2937} INFO - Setting next_dagrun for biq_6611_ipo_2_cos_54.py to None
[2022-06-22 10:35:31,426] {processor.py:171} INFO - Processing /opt/airflow/dags/cos_6611/biq_6611_ipo_2_cos_54.py took 0.436 seconds
[2022-06-22 10:36:02,264] {processor.py:163} INFO - Started process (PID=25581) to work on /opt/airflow/dags/cos_6611/biq_6611_ipo_2_cos_54.py
[2022-06-22 10:36:02,266] {processor.py:642} INFO - Processing file /opt/airflow/dags/cos_6611/biq_6611_ipo_2_cos_54.py for tasks to queue
[2022-06-22 10:36:02,267] {logging_mixin.py:109} INFO - [2022-06-22 10:36:02,266] {dagbag.py:500} INFO - Filling up the DagBag from /opt/airflow/dags/cos_6611/biq_6611_ipo_2_cos_54.py
[2022-06-22 10:36:02,592] {processor.py:654} INFO - DAG(s) dict_keys(['biq_6611_ipo_2_cos_54.py']) retrieved from /opt/airflow/dags/cos_6611/biq_6611_ipo_2_cos_54.py
[2022-06-22 10:36:02,611] {logging_mixin.py:109} INFO - [2022-06-22 10:36:02,611] {dag.py:2398} INFO - Sync 1 DAGs
[2022-06-22 10:36:02,622] {logging_mixin.py:109} INFO - [2022-06-22 10:36:02,622] {dag.py:2937} INFO - Setting next_dagrun for biq_6611_ipo_2_cos_54.py to None
[2022-06-22 10:36:02,628] {processor.py:171} INFO - Processing /opt/airflow/dags/cos_6611/biq_6611_ipo_2_cos_54.py took 0.370 seconds
