[2022-06-22 10:34:23,102] {processor.py:163} INFO - Started process (PID=25053) to work on /opt/airflow/dags/cos_6611/cos_6611_ipo_2_cos_timezone.py
[2022-06-22 10:34:23,103] {processor.py:642} INFO - Processing file /opt/airflow/dags/cos_6611/cos_6611_ipo_2_cos_timezone.py for tasks to queue
[2022-06-22 10:34:23,103] {logging_mixin.py:109} INFO - [2022-06-22 10:34:23,103] {dagbag.py:500} INFO - Filling up the DagBag from /opt/airflow/dags/cos_6611/cos_6611_ipo_2_cos_timezone.py
[2022-06-22 10:34:23,781] {processor.py:654} INFO - DAG(s) dict_keys(['cos_6611_ipo_2_cos_timezone.py']) retrieved from /opt/airflow/dags/cos_6611/cos_6611_ipo_2_cos_timezone.py
[2022-06-22 10:34:23,794] {logging_mixin.py:109} INFO - [2022-06-22 10:34:23,794] {dag.py:2398} INFO - Sync 1 DAGs
[2022-06-22 10:34:23,804] {logging_mixin.py:109} INFO - [2022-06-22 10:34:23,804] {dag.py:2937} INFO - Setting next_dagrun for cos_6611_ipo_2_cos_timezone.py to None
[2022-06-22 10:34:23,810] {processor.py:171} INFO - Processing /opt/airflow/dags/cos_6611/cos_6611_ipo_2_cos_timezone.py took 0.709 seconds
[2022-06-22 10:34:54,718] {processor.py:163} INFO - Started process (PID=25215) to work on /opt/airflow/dags/cos_6611/cos_6611_ipo_2_cos_timezone.py
[2022-06-22 10:34:54,718] {processor.py:642} INFO - Processing file /opt/airflow/dags/cos_6611/cos_6611_ipo_2_cos_timezone.py for tasks to queue
[2022-06-22 10:34:54,719] {logging_mixin.py:109} INFO - [2022-06-22 10:34:54,719] {dagbag.py:500} INFO - Filling up the DagBag from /opt/airflow/dags/cos_6611/cos_6611_ipo_2_cos_timezone.py
[2022-06-22 10:34:55,520] {processor.py:654} INFO - DAG(s) dict_keys(['cos_6611_ipo_2_cos_timezone.py']) retrieved from /opt/airflow/dags/cos_6611/cos_6611_ipo_2_cos_timezone.py
[2022-06-22 10:34:55,541] {logging_mixin.py:109} INFO - [2022-06-22 10:34:55,541] {dag.py:2398} INFO - Sync 1 DAGs
[2022-06-22 10:34:55,553] {logging_mixin.py:109} INFO - [2022-06-22 10:34:55,553] {dag.py:2937} INFO - Setting next_dagrun for cos_6611_ipo_2_cos_timezone.py to None
[2022-06-22 10:34:55,569] {processor.py:171} INFO - Processing /opt/airflow/dags/cos_6611/cos_6611_ipo_2_cos_timezone.py took 0.853 seconds
[2022-06-22 10:35:26,292] {processor.py:163} INFO - Started process (PID=25380) to work on /opt/airflow/dags/cos_6611/cos_6611_ipo_2_cos_timezone.py
[2022-06-22 10:35:26,292] {processor.py:642} INFO - Processing file /opt/airflow/dags/cos_6611/cos_6611_ipo_2_cos_timezone.py for tasks to queue
[2022-06-22 10:35:26,293] {logging_mixin.py:109} INFO - [2022-06-22 10:35:26,293] {dagbag.py:500} INFO - Filling up the DagBag from /opt/airflow/dags/cos_6611/cos_6611_ipo_2_cos_timezone.py
[2022-06-22 10:35:27,233] {processor.py:654} INFO - DAG(s) dict_keys(['cos_6611_ipo_2_cos_timezone.py']) retrieved from /opt/airflow/dags/cos_6611/cos_6611_ipo_2_cos_timezone.py
[2022-06-22 10:35:27,247] {logging_mixin.py:109} INFO - [2022-06-22 10:35:27,247] {dag.py:2398} INFO - Sync 1 DAGs
[2022-06-22 10:35:27,259] {logging_mixin.py:109} INFO - [2022-06-22 10:35:27,259] {dag.py:2937} INFO - Setting next_dagrun for cos_6611_ipo_2_cos_timezone.py to None
[2022-06-22 10:35:27,268] {processor.py:171} INFO - Processing /opt/airflow/dags/cos_6611/cos_6611_ipo_2_cos_timezone.py took 0.979 seconds
[2022-06-22 10:35:57,420] {processor.py:163} INFO - Started process (PID=25525) to work on /opt/airflow/dags/cos_6611/cos_6611_ipo_2_cos_timezone.py
[2022-06-22 10:35:57,423] {processor.py:642} INFO - Processing file /opt/airflow/dags/cos_6611/cos_6611_ipo_2_cos_timezone.py for tasks to queue
[2022-06-22 10:35:57,423] {logging_mixin.py:109} INFO - [2022-06-22 10:35:57,423] {dagbag.py:500} INFO - Filling up the DagBag from /opt/airflow/dags/cos_6611/cos_6611_ipo_2_cos_timezone.py
[2022-06-22 10:35:58,141] {processor.py:654} INFO - DAG(s) dict_keys(['cos_6611_ipo_2_cos_timezone.py']) retrieved from /opt/airflow/dags/cos_6611/cos_6611_ipo_2_cos_timezone.py
[2022-06-22 10:35:58,155] {logging_mixin.py:109} INFO - [2022-06-22 10:35:58,155] {dag.py:2398} INFO - Sync 1 DAGs
[2022-06-22 10:35:58,164] {logging_mixin.py:109} INFO - [2022-06-22 10:35:58,164] {dag.py:2937} INFO - Setting next_dagrun for cos_6611_ipo_2_cos_timezone.py to None
[2022-06-22 10:35:58,171] {processor.py:171} INFO - Processing /opt/airflow/dags/cos_6611/cos_6611_ipo_2_cos_timezone.py took 0.753 seconds
