[2022-06-22 10:34:17,281] {processor.py:163} INFO - Started process (PID=25031) to work on /opt/airflow/dags/cos_6611/cos_6611_ipo_2_cos_pers.py
[2022-06-22 10:34:17,283] {processor.py:642} INFO - Processing file /opt/airflow/dags/cos_6611/cos_6611_ipo_2_cos_pers.py for tasks to queue
[2022-06-22 10:34:17,284] {logging_mixin.py:109} INFO - [2022-06-22 10:34:17,284] {dagbag.py:500} INFO - Filling up the DagBag from /opt/airflow/dags/cos_6611/cos_6611_ipo_2_cos_pers.py
[2022-06-22 10:34:17,782] {processor.py:654} INFO - DAG(s) dict_keys(['cos_6611_ipo_2_cos_pers.py']) retrieved from /opt/airflow/dags/cos_6611/cos_6611_ipo_2_cos_pers.py
[2022-06-22 10:34:17,797] {logging_mixin.py:109} INFO - [2022-06-22 10:34:17,797] {dag.py:2398} INFO - Sync 1 DAGs
[2022-06-22 10:34:17,808] {logging_mixin.py:109} INFO - [2022-06-22 10:34:17,808] {dag.py:2937} INFO - Setting next_dagrun for cos_6611_ipo_2_cos_pers.py to None
[2022-06-22 10:34:17,813] {processor.py:171} INFO - Processing /opt/airflow/dags/cos_6611/cos_6611_ipo_2_cos_pers.py took 0.539 seconds
[2022-06-22 10:34:48,499] {processor.py:163} INFO - Started process (PID=25175) to work on /opt/airflow/dags/cos_6611/cos_6611_ipo_2_cos_pers.py
[2022-06-22 10:34:48,505] {processor.py:642} INFO - Processing file /opt/airflow/dags/cos_6611/cos_6611_ipo_2_cos_pers.py for tasks to queue
[2022-06-22 10:34:48,505] {logging_mixin.py:109} INFO - [2022-06-22 10:34:48,505] {dagbag.py:500} INFO - Filling up the DagBag from /opt/airflow/dags/cos_6611/cos_6611_ipo_2_cos_pers.py
[2022-06-22 10:34:49,017] {processor.py:654} INFO - DAG(s) dict_keys(['cos_6611_ipo_2_cos_pers.py']) retrieved from /opt/airflow/dags/cos_6611/cos_6611_ipo_2_cos_pers.py
[2022-06-22 10:34:49,032] {logging_mixin.py:109} INFO - [2022-06-22 10:34:49,031] {dag.py:2398} INFO - Sync 1 DAGs
[2022-06-22 10:34:49,042] {logging_mixin.py:109} INFO - [2022-06-22 10:34:49,042] {dag.py:2937} INFO - Setting next_dagrun for cos_6611_ipo_2_cos_pers.py to None
[2022-06-22 10:34:49,047] {processor.py:171} INFO - Processing /opt/airflow/dags/cos_6611/cos_6611_ipo_2_cos_pers.py took 0.552 seconds
[2022-06-22 10:35:19,160] {processor.py:163} INFO - Started process (PID=25330) to work on /opt/airflow/dags/cos_6611/cos_6611_ipo_2_cos_pers.py
[2022-06-22 10:35:19,160] {processor.py:642} INFO - Processing file /opt/airflow/dags/cos_6611/cos_6611_ipo_2_cos_pers.py for tasks to queue
[2022-06-22 10:35:19,161] {logging_mixin.py:109} INFO - [2022-06-22 10:35:19,161] {dagbag.py:500} INFO - Filling up the DagBag from /opt/airflow/dags/cos_6611/cos_6611_ipo_2_cos_pers.py
[2022-06-22 10:35:20,075] {processor.py:654} INFO - DAG(s) dict_keys(['cos_6611_ipo_2_cos_pers.py']) retrieved from /opt/airflow/dags/cos_6611/cos_6611_ipo_2_cos_pers.py
[2022-06-22 10:35:20,090] {logging_mixin.py:109} INFO - [2022-06-22 10:35:20,090] {dag.py:2398} INFO - Sync 1 DAGs
[2022-06-22 10:35:20,102] {logging_mixin.py:109} INFO - [2022-06-22 10:35:20,102] {dag.py:2937} INFO - Setting next_dagrun for cos_6611_ipo_2_cos_pers.py to None
[2022-06-22 10:35:20,109] {processor.py:171} INFO - Processing /opt/airflow/dags/cos_6611/cos_6611_ipo_2_cos_pers.py took 0.952 seconds
[2022-06-22 10:35:50,454] {processor.py:163} INFO - Started process (PID=25484) to work on /opt/airflow/dags/cos_6611/cos_6611_ipo_2_cos_pers.py
[2022-06-22 10:35:50,460] {processor.py:642} INFO - Processing file /opt/airflow/dags/cos_6611/cos_6611_ipo_2_cos_pers.py for tasks to queue
[2022-06-22 10:35:50,460] {logging_mixin.py:109} INFO - [2022-06-22 10:35:50,460] {dagbag.py:500} INFO - Filling up the DagBag from /opt/airflow/dags/cos_6611/cos_6611_ipo_2_cos_pers.py
[2022-06-22 10:35:50,946] {processor.py:654} INFO - DAG(s) dict_keys(['cos_6611_ipo_2_cos_pers.py']) retrieved from /opt/airflow/dags/cos_6611/cos_6611_ipo_2_cos_pers.py
[2022-06-22 10:35:50,960] {logging_mixin.py:109} INFO - [2022-06-22 10:35:50,960] {dag.py:2398} INFO - Sync 1 DAGs
[2022-06-22 10:35:50,971] {logging_mixin.py:109} INFO - [2022-06-22 10:35:50,971] {dag.py:2937} INFO - Setting next_dagrun for cos_6611_ipo_2_cos_pers.py to None
[2022-06-22 10:35:50,978] {processor.py:171} INFO - Processing /opt/airflow/dags/cos_6611/cos_6611_ipo_2_cos_pers.py took 0.526 seconds
