[2022-06-22 10:34:17,288] {processor.py:163} INFO - Started process (PID=25032) to work on /opt/airflow/dags/cos_6611/cos_6611_ipo_2_cos_org.py
[2022-06-22 10:34:17,289] {processor.py:642} INFO - Processing file /opt/airflow/dags/cos_6611/cos_6611_ipo_2_cos_org.py for tasks to queue
[2022-06-22 10:34:17,290] {logging_mixin.py:109} INFO - [2022-06-22 10:34:17,290] {dagbag.py:500} INFO - Filling up the DagBag from /opt/airflow/dags/cos_6611/cos_6611_ipo_2_cos_org.py
[2022-06-22 10:34:17,770] {processor.py:654} INFO - DAG(s) dict_keys(['cos_6611_ipo_2_cos_org.py']) retrieved from /opt/airflow/dags/cos_6611/cos_6611_ipo_2_cos_org.py
[2022-06-22 10:34:17,784] {logging_mixin.py:109} INFO - [2022-06-22 10:34:17,784] {dag.py:2398} INFO - Sync 1 DAGs
[2022-06-22 10:34:17,794] {logging_mixin.py:109} INFO - [2022-06-22 10:34:17,794] {dag.py:2937} INFO - Setting next_dagrun for cos_6611_ipo_2_cos_org.py to None
[2022-06-22 10:34:17,800] {processor.py:171} INFO - Processing /opt/airflow/dags/cos_6611/cos_6611_ipo_2_cos_org.py took 0.518 seconds
[2022-06-22 10:34:48,504] {processor.py:163} INFO - Started process (PID=25176) to work on /opt/airflow/dags/cos_6611/cos_6611_ipo_2_cos_org.py
[2022-06-22 10:34:48,505] {processor.py:642} INFO - Processing file /opt/airflow/dags/cos_6611/cos_6611_ipo_2_cos_org.py for tasks to queue
[2022-06-22 10:34:48,506] {logging_mixin.py:109} INFO - [2022-06-22 10:34:48,506] {dagbag.py:500} INFO - Filling up the DagBag from /opt/airflow/dags/cos_6611/cos_6611_ipo_2_cos_org.py
[2022-06-22 10:34:48,972] {processor.py:654} INFO - DAG(s) dict_keys(['cos_6611_ipo_2_cos_org.py']) retrieved from /opt/airflow/dags/cos_6611/cos_6611_ipo_2_cos_org.py
[2022-06-22 10:34:48,988] {logging_mixin.py:109} INFO - [2022-06-22 10:34:48,988] {dag.py:2398} INFO - Sync 1 DAGs
[2022-06-22 10:34:48,998] {logging_mixin.py:109} INFO - [2022-06-22 10:34:48,998] {dag.py:2937} INFO - Setting next_dagrun for cos_6611_ipo_2_cos_org.py to None
[2022-06-22 10:34:49,003] {processor.py:171} INFO - Processing /opt/airflow/dags/cos_6611/cos_6611_ipo_2_cos_org.py took 0.502 seconds
[2022-06-22 10:35:19,163] {processor.py:163} INFO - Started process (PID=25331) to work on /opt/airflow/dags/cos_6611/cos_6611_ipo_2_cos_org.py
[2022-06-22 10:35:19,164] {processor.py:642} INFO - Processing file /opt/airflow/dags/cos_6611/cos_6611_ipo_2_cos_org.py for tasks to queue
[2022-06-22 10:35:19,164] {logging_mixin.py:109} INFO - [2022-06-22 10:35:19,164] {dagbag.py:500} INFO - Filling up the DagBag from /opt/airflow/dags/cos_6611/cos_6611_ipo_2_cos_org.py
[2022-06-22 10:35:19,856] {processor.py:654} INFO - DAG(s) dict_keys(['cos_6611_ipo_2_cos_org.py']) retrieved from /opt/airflow/dags/cos_6611/cos_6611_ipo_2_cos_org.py
[2022-06-22 10:35:19,882] {logging_mixin.py:109} INFO - [2022-06-22 10:35:19,882] {dag.py:2398} INFO - Sync 1 DAGs
[2022-06-22 10:35:19,906] {logging_mixin.py:109} INFO - [2022-06-22 10:35:19,906] {dag.py:2937} INFO - Setting next_dagrun for cos_6611_ipo_2_cos_org.py to None
[2022-06-22 10:35:19,914] {processor.py:171} INFO - Processing /opt/airflow/dags/cos_6611/cos_6611_ipo_2_cos_org.py took 0.753 seconds
[2022-06-22 10:35:49,956] {processor.py:163} INFO - Started process (PID=25480) to work on /opt/airflow/dags/cos_6611/cos_6611_ipo_2_cos_org.py
[2022-06-22 10:35:49,962] {processor.py:642} INFO - Processing file /opt/airflow/dags/cos_6611/cos_6611_ipo_2_cos_org.py for tasks to queue
[2022-06-22 10:35:49,962] {logging_mixin.py:109} INFO - [2022-06-22 10:35:49,962] {dagbag.py:500} INFO - Filling up the DagBag from /opt/airflow/dags/cos_6611/cos_6611_ipo_2_cos_org.py
[2022-06-22 10:35:50,408] {processor.py:654} INFO - DAG(s) dict_keys(['cos_6611_ipo_2_cos_org.py']) retrieved from /opt/airflow/dags/cos_6611/cos_6611_ipo_2_cos_org.py
[2022-06-22 10:35:50,422] {logging_mixin.py:109} INFO - [2022-06-22 10:35:50,422] {dag.py:2398} INFO - Sync 1 DAGs
[2022-06-22 10:35:50,432] {logging_mixin.py:109} INFO - [2022-06-22 10:35:50,432] {dag.py:2937} INFO - Setting next_dagrun for cos_6611_ipo_2_cos_org.py to None
[2022-06-22 10:35:50,438] {processor.py:171} INFO - Processing /opt/airflow/dags/cos_6611/cos_6611_ipo_2_cos_org.py took 0.484 seconds
