[2022-06-22 10:34:23,123] {processor.py:163} INFO - Started process (PID=25054) to work on /opt/airflow/dags/cos6611/biq_6611_ipo_2_cos_60.py
[2022-06-22 10:34:23,124] {processor.py:642} INFO - Processing file /opt/airflow/dags/cos6611/biq_6611_ipo_2_cos_60.py for tasks to queue
[2022-06-22 10:34:23,124] {logging_mixin.py:109} INFO - [2022-06-22 10:34:23,124] {dagbag.py:500} INFO - Filling up the DagBag from /opt/airflow/dags/cos6611/biq_6611_ipo_2_cos_60.py
[2022-06-22 10:34:23,411] {processor.py:654} INFO - DAG(s) dict_keys(['biq_6611_ipo_2_cos_60.py']) retrieved from /opt/airflow/dags/cos6611/biq_6611_ipo_2_cos_60.py
[2022-06-22 10:34:23,426] {logging_mixin.py:109} INFO - [2022-06-22 10:34:23,426] {dag.py:2398} INFO - Sync 1 DAGs
[2022-06-22 10:34:23,438] {logging_mixin.py:109} INFO - [2022-06-22 10:34:23,438] {dag.py:2937} INFO - Setting next_dagrun for biq_6611_ipo_2_cos_60.py to 2022-06-21 00:00:00+00:00
[2022-06-22 10:34:23,444] {processor.py:171} INFO - Processing /opt/airflow/dags/cos6611/biq_6611_ipo_2_cos_60.py took 0.323 seconds
[2022-06-22 10:34:53,473] {processor.py:163} INFO - Started process (PID=25196) to work on /opt/airflow/dags/cos6611/biq_6611_ipo_2_cos_60.py
[2022-06-22 10:34:53,475] {processor.py:642} INFO - Processing file /opt/airflow/dags/cos6611/biq_6611_ipo_2_cos_60.py for tasks to queue
[2022-06-22 10:34:53,475] {logging_mixin.py:109} INFO - [2022-06-22 10:34:53,475] {dagbag.py:500} INFO - Filling up the DagBag from /opt/airflow/dags/cos6611/biq_6611_ipo_2_cos_60.py
[2022-06-22 10:34:53,790] {processor.py:654} INFO - DAG(s) dict_keys(['biq_6611_ipo_2_cos_60.py']) retrieved from /opt/airflow/dags/cos6611/biq_6611_ipo_2_cos_60.py
[2022-06-22 10:34:53,806] {logging_mixin.py:109} INFO - [2022-06-22 10:34:53,806] {dag.py:2398} INFO - Sync 1 DAGs
[2022-06-22 10:34:53,829] {logging_mixin.py:109} INFO - [2022-06-22 10:34:53,829] {dag.py:2937} INFO - Setting next_dagrun for biq_6611_ipo_2_cos_60.py to 2022-06-21 00:00:00+00:00
[2022-06-22 10:34:53,836] {processor.py:171} INFO - Processing /opt/airflow/dags/cos6611/biq_6611_ipo_2_cos_60.py took 0.366 seconds
[2022-06-22 10:35:24,166] {processor.py:163} INFO - Started process (PID=25342) to work on /opt/airflow/dags/cos6611/biq_6611_ipo_2_cos_60.py
[2022-06-22 10:35:24,167] {processor.py:642} INFO - Processing file /opt/airflow/dags/cos6611/biq_6611_ipo_2_cos_60.py for tasks to queue
[2022-06-22 10:35:24,168] {logging_mixin.py:109} INFO - [2022-06-22 10:35:24,168] {dagbag.py:500} INFO - Filling up the DagBag from /opt/airflow/dags/cos6611/biq_6611_ipo_2_cos_60.py
[2022-06-22 10:35:24,396] {processor.py:654} INFO - DAG(s) dict_keys(['biq_6611_ipo_2_cos_60.py']) retrieved from /opt/airflow/dags/cos6611/biq_6611_ipo_2_cos_60.py
[2022-06-22 10:35:24,411] {logging_mixin.py:109} INFO - [2022-06-22 10:35:24,411] {dag.py:2398} INFO - Sync 1 DAGs
[2022-06-22 10:35:24,423] {logging_mixin.py:109} INFO - [2022-06-22 10:35:24,423] {dag.py:2937} INFO - Setting next_dagrun for biq_6611_ipo_2_cos_60.py to 2022-06-21 00:00:00+00:00
[2022-06-22 10:35:24,428] {processor.py:171} INFO - Processing /opt/airflow/dags/cos6611/biq_6611_ipo_2_cos_60.py took 0.268 seconds
[2022-06-22 10:35:55,022] {processor.py:163} INFO - Started process (PID=25492) to work on /opt/airflow/dags/cos6611/biq_6611_ipo_2_cos_60.py
[2022-06-22 10:35:55,027] {processor.py:642} INFO - Processing file /opt/airflow/dags/cos6611/biq_6611_ipo_2_cos_60.py for tasks to queue
[2022-06-22 10:35:55,028] {logging_mixin.py:109} INFO - [2022-06-22 10:35:55,028] {dagbag.py:500} INFO - Filling up the DagBag from /opt/airflow/dags/cos6611/biq_6611_ipo_2_cos_60.py
[2022-06-22 10:35:55,295] {processor.py:654} INFO - DAG(s) dict_keys(['biq_6611_ipo_2_cos_60.py']) retrieved from /opt/airflow/dags/cos6611/biq_6611_ipo_2_cos_60.py
[2022-06-22 10:35:55,312] {logging_mixin.py:109} INFO - [2022-06-22 10:35:55,312] {dag.py:2398} INFO - Sync 1 DAGs
[2022-06-22 10:35:55,326] {logging_mixin.py:109} INFO - [2022-06-22 10:35:55,326] {dag.py:2937} INFO - Setting next_dagrun for biq_6611_ipo_2_cos_60.py to 2022-06-21 00:00:00+00:00
[2022-06-22 10:35:55,332] {processor.py:171} INFO - Processing /opt/airflow/dags/cos6611/biq_6611_ipo_2_cos_60.py took 0.313 seconds
