[2022-06-22 10:34:24,808] {processor.py:163} INFO - Started process (PID=25087) to work on /opt/airflow/dags/cos6611/biq_6611_ipo_2_cos_55.py
[2022-06-22 10:34:24,808] {processor.py:642} INFO - Processing file /opt/airflow/dags/cos6611/biq_6611_ipo_2_cos_55.py for tasks to queue
[2022-06-22 10:34:24,809] {logging_mixin.py:109} INFO - [2022-06-22 10:34:24,809] {dagbag.py:500} INFO - Filling up the DagBag from /opt/airflow/dags/cos6611/biq_6611_ipo_2_cos_55.py
[2022-06-22 10:34:25,058] {processor.py:654} INFO - DAG(s) dict_keys(['biq_6611_ipo_2_cos_55.py']) retrieved from /opt/airflow/dags/cos6611/biq_6611_ipo_2_cos_55.py
[2022-06-22 10:34:25,077] {logging_mixin.py:109} INFO - [2022-06-22 10:34:25,077] {dag.py:2398} INFO - Sync 1 DAGs
[2022-06-22 10:34:25,091] {logging_mixin.py:109} INFO - [2022-06-22 10:34:25,091] {dag.py:2937} INFO - Setting next_dagrun for biq_6611_ipo_2_cos_55.py to 2022-06-22T00:00:00+00:00
[2022-06-22 10:34:25,098] {processor.py:171} INFO - Processing /opt/airflow/dags/cos6611/biq_6611_ipo_2_cos_55.py took 0.292 seconds
[2022-06-22 10:34:55,867] {processor.py:163} INFO - Started process (PID=25235) to work on /opt/airflow/dags/cos6611/biq_6611_ipo_2_cos_55.py
[2022-06-22 10:34:55,867] {processor.py:642} INFO - Processing file /opt/airflow/dags/cos6611/biq_6611_ipo_2_cos_55.py for tasks to queue
[2022-06-22 10:34:55,868] {logging_mixin.py:109} INFO - [2022-06-22 10:34:55,867] {dagbag.py:500} INFO - Filling up the DagBag from /opt/airflow/dags/cos6611/biq_6611_ipo_2_cos_55.py
[2022-06-22 10:34:56,215] {processor.py:654} INFO - DAG(s) dict_keys(['biq_6611_ipo_2_cos_55.py']) retrieved from /opt/airflow/dags/cos6611/biq_6611_ipo_2_cos_55.py
[2022-06-22 10:34:56,245] {logging_mixin.py:109} INFO - [2022-06-22 10:34:56,244] {dag.py:2398} INFO - Sync 1 DAGs
[2022-06-22 10:34:56,268] {logging_mixin.py:109} INFO - [2022-06-22 10:34:56,268] {dag.py:2937} INFO - Setting next_dagrun for biq_6611_ipo_2_cos_55.py to 2022-06-22T00:00:00+00:00
[2022-06-22 10:34:56,284] {processor.py:171} INFO - Processing /opt/airflow/dags/cos6611/biq_6611_ipo_2_cos_55.py took 0.419 seconds
[2022-06-22 10:35:26,530] {processor.py:163} INFO - Started process (PID=25381) to work on /opt/airflow/dags/cos6611/biq_6611_ipo_2_cos_55.py
[2022-06-22 10:35:26,533] {processor.py:642} INFO - Processing file /opt/airflow/dags/cos6611/biq_6611_ipo_2_cos_55.py for tasks to queue
[2022-06-22 10:35:26,533] {logging_mixin.py:109} INFO - [2022-06-22 10:35:26,533] {dagbag.py:500} INFO - Filling up the DagBag from /opt/airflow/dags/cos6611/biq_6611_ipo_2_cos_55.py
[2022-06-22 10:35:26,885] {processor.py:654} INFO - DAG(s) dict_keys(['biq_6611_ipo_2_cos_55.py']) retrieved from /opt/airflow/dags/cos6611/biq_6611_ipo_2_cos_55.py
[2022-06-22 10:35:26,901] {logging_mixin.py:109} INFO - [2022-06-22 10:35:26,901] {dag.py:2398} INFO - Sync 1 DAGs
[2022-06-22 10:35:26,914] {logging_mixin.py:109} INFO - [2022-06-22 10:35:26,914] {dag.py:2937} INFO - Setting next_dagrun for biq_6611_ipo_2_cos_55.py to 2022-06-22T00:00:00+00:00
[2022-06-22 10:35:26,920] {processor.py:171} INFO - Processing /opt/airflow/dags/cos6611/biq_6611_ipo_2_cos_55.py took 0.392 seconds
[2022-06-22 10:35:56,977] {processor.py:163} INFO - Started process (PID=25518) to work on /opt/airflow/dags/cos6611/biq_6611_ipo_2_cos_55.py
[2022-06-22 10:35:56,977] {processor.py:642} INFO - Processing file /opt/airflow/dags/cos6611/biq_6611_ipo_2_cos_55.py for tasks to queue
[2022-06-22 10:35:56,978] {logging_mixin.py:109} INFO - [2022-06-22 10:35:56,978] {dagbag.py:500} INFO - Filling up the DagBag from /opt/airflow/dags/cos6611/biq_6611_ipo_2_cos_55.py
[2022-06-22 10:35:57,345] {processor.py:654} INFO - DAG(s) dict_keys(['biq_6611_ipo_2_cos_55.py']) retrieved from /opt/airflow/dags/cos6611/biq_6611_ipo_2_cos_55.py
[2022-06-22 10:35:57,375] {logging_mixin.py:109} INFO - [2022-06-22 10:35:57,375] {dag.py:2398} INFO - Sync 1 DAGs
[2022-06-22 10:35:57,390] {logging_mixin.py:109} INFO - [2022-06-22 10:35:57,390] {dag.py:2937} INFO - Setting next_dagrun for biq_6611_ipo_2_cos_55.py to 2022-06-22T00:00:00+00:00
[2022-06-22 10:35:57,399] {processor.py:171} INFO - Processing /opt/airflow/dags/cos6611/biq_6611_ipo_2_cos_55.py took 0.425 seconds
