[2022-06-22 10:34:23,827] {processor.py:163} INFO - Started process (PID=25070) to work on /opt/airflow/dags/cos6611/biq_6611_ipo_2_cos_59.py
[2022-06-22 10:34:23,828] {processor.py:642} INFO - Processing file /opt/airflow/dags/cos6611/biq_6611_ipo_2_cos_59.py for tasks to queue
[2022-06-22 10:34:23,828] {logging_mixin.py:109} INFO - [2022-06-22 10:34:23,828] {dagbag.py:500} INFO - Filling up the DagBag from /opt/airflow/dags/cos6611/biq_6611_ipo_2_cos_59.py
[2022-06-22 10:34:24,060] {processor.py:654} INFO - DAG(s) dict_keys(['biq_6611_ipo_2_cos_59.py']) retrieved from /opt/airflow/dags/cos6611/biq_6611_ipo_2_cos_59.py
[2022-06-22 10:34:24,077] {logging_mixin.py:109} INFO - [2022-06-22 10:34:24,077] {dag.py:2398} INFO - Sync 1 DAGs
[2022-06-22 10:34:24,089] {logging_mixin.py:109} INFO - [2022-06-22 10:34:24,089] {dag.py:2937} INFO - Setting next_dagrun for biq_6611_ipo_2_cos_59.py to 2022-06-21 00:00:00+00:00
[2022-06-22 10:34:24,096] {processor.py:171} INFO - Processing /opt/airflow/dags/cos6611/biq_6611_ipo_2_cos_59.py took 0.271 seconds
[2022-06-22 10:34:54,666] {processor.py:163} INFO - Started process (PID=25214) to work on /opt/airflow/dags/cos6611/biq_6611_ipo_2_cos_59.py
[2022-06-22 10:34:54,667] {processor.py:642} INFO - Processing file /opt/airflow/dags/cos6611/biq_6611_ipo_2_cos_59.py for tasks to queue
[2022-06-22 10:34:54,667] {logging_mixin.py:109} INFO - [2022-06-22 10:34:54,667] {dagbag.py:500} INFO - Filling up the DagBag from /opt/airflow/dags/cos6611/biq_6611_ipo_2_cos_59.py
[2022-06-22 10:34:54,962] {processor.py:654} INFO - DAG(s) dict_keys(['biq_6611_ipo_2_cos_59.py']) retrieved from /opt/airflow/dags/cos6611/biq_6611_ipo_2_cos_59.py
[2022-06-22 10:34:54,995] {logging_mixin.py:109} INFO - [2022-06-22 10:34:54,994] {dag.py:2398} INFO - Sync 1 DAGs
[2022-06-22 10:34:55,009] {logging_mixin.py:109} INFO - [2022-06-22 10:34:55,008] {dag.py:2937} INFO - Setting next_dagrun for biq_6611_ipo_2_cos_59.py to 2022-06-21 00:00:00+00:00
[2022-06-22 10:34:55,016] {processor.py:171} INFO - Processing /opt/airflow/dags/cos6611/biq_6611_ipo_2_cos_59.py took 0.351 seconds
[2022-06-22 10:35:25,138] {processor.py:163} INFO - Started process (PID=25352) to work on /opt/airflow/dags/cos6611/biq_6611_ipo_2_cos_59.py
[2022-06-22 10:35:25,138] {processor.py:642} INFO - Processing file /opt/airflow/dags/cos6611/biq_6611_ipo_2_cos_59.py for tasks to queue
[2022-06-22 10:35:25,139] {logging_mixin.py:109} INFO - [2022-06-22 10:35:25,139] {dagbag.py:500} INFO - Filling up the DagBag from /opt/airflow/dags/cos6611/biq_6611_ipo_2_cos_59.py
[2022-06-22 10:35:25,451] {processor.py:654} INFO - DAG(s) dict_keys(['biq_6611_ipo_2_cos_59.py']) retrieved from /opt/airflow/dags/cos6611/biq_6611_ipo_2_cos_59.py
[2022-06-22 10:35:25,468] {logging_mixin.py:109} INFO - [2022-06-22 10:35:25,467] {dag.py:2398} INFO - Sync 1 DAGs
[2022-06-22 10:35:25,491] {logging_mixin.py:109} INFO - [2022-06-22 10:35:25,491] {dag.py:2937} INFO - Setting next_dagrun for biq_6611_ipo_2_cos_59.py to 2022-06-21 00:00:00+00:00
[2022-06-22 10:35:25,498] {processor.py:171} INFO - Processing /opt/airflow/dags/cos6611/biq_6611_ipo_2_cos_59.py took 0.364 seconds
[2022-06-22 10:35:56,147] {processor.py:163} INFO - Started process (PID=25502) to work on /opt/airflow/dags/cos6611/biq_6611_ipo_2_cos_59.py
[2022-06-22 10:35:56,149] {processor.py:642} INFO - Processing file /opt/airflow/dags/cos6611/biq_6611_ipo_2_cos_59.py for tasks to queue
[2022-06-22 10:35:56,150] {logging_mixin.py:109} INFO - [2022-06-22 10:35:56,150] {dagbag.py:500} INFO - Filling up the DagBag from /opt/airflow/dags/cos6611/biq_6611_ipo_2_cos_59.py
[2022-06-22 10:35:56,498] {processor.py:654} INFO - DAG(s) dict_keys(['biq_6611_ipo_2_cos_59.py']) retrieved from /opt/airflow/dags/cos6611/biq_6611_ipo_2_cos_59.py
[2022-06-22 10:35:56,515] {logging_mixin.py:109} INFO - [2022-06-22 10:35:56,514] {dag.py:2398} INFO - Sync 1 DAGs
[2022-06-22 10:35:56,536] {logging_mixin.py:109} INFO - [2022-06-22 10:35:56,536] {dag.py:2937} INFO - Setting next_dagrun for biq_6611_ipo_2_cos_59.py to 2022-06-21 00:00:00+00:00
[2022-06-22 10:35:56,544] {processor.py:171} INFO - Processing /opt/airflow/dags/cos6611/biq_6611_ipo_2_cos_59.py took 0.401 seconds
