[2022-06-22 10:34:24,110] {processor.py:163} INFO - Started process (PID=25075) to work on /opt/airflow/dags/cos6611/biq_6611_ipo_2_cos_58.py
[2022-06-22 10:34:24,111] {processor.py:642} INFO - Processing file /opt/airflow/dags/cos6611/biq_6611_ipo_2_cos_58.py for tasks to queue
[2022-06-22 10:34:24,111] {logging_mixin.py:109} INFO - [2022-06-22 10:34:24,111] {dagbag.py:500} INFO - Filling up the DagBag from /opt/airflow/dags/cos6611/biq_6611_ipo_2_cos_58.py
[2022-06-22 10:34:24,340] {processor.py:654} INFO - DAG(s) dict_keys(['biq_6611_ipo_2_cos_58.py']) retrieved from /opt/airflow/dags/cos6611/biq_6611_ipo_2_cos_58.py
[2022-06-22 10:34:24,356] {logging_mixin.py:109} INFO - [2022-06-22 10:34:24,356] {dag.py:2398} INFO - Sync 1 DAGs
[2022-06-22 10:34:24,370] {logging_mixin.py:109} INFO - [2022-06-22 10:34:24,370] {dag.py:2937} INFO - Setting next_dagrun for biq_6611_ipo_2_cos_58.py to 2022-06-21 00:00:00+00:00
[2022-06-22 10:34:24,389] {processor.py:171} INFO - Processing /opt/airflow/dags/cos6611/biq_6611_ipo_2_cos_58.py took 0.281 seconds
[2022-06-22 10:34:55,030] {processor.py:163} INFO - Started process (PID=25222) to work on /opt/airflow/dags/cos6611/biq_6611_ipo_2_cos_58.py
[2022-06-22 10:34:55,031] {processor.py:642} INFO - Processing file /opt/airflow/dags/cos6611/biq_6611_ipo_2_cos_58.py for tasks to queue
[2022-06-22 10:34:55,031] {logging_mixin.py:109} INFO - [2022-06-22 10:34:55,031] {dagbag.py:500} INFO - Filling up the DagBag from /opt/airflow/dags/cos6611/biq_6611_ipo_2_cos_58.py
[2022-06-22 10:34:55,318] {processor.py:654} INFO - DAG(s) dict_keys(['biq_6611_ipo_2_cos_58.py']) retrieved from /opt/airflow/dags/cos6611/biq_6611_ipo_2_cos_58.py
[2022-06-22 10:34:55,347] {logging_mixin.py:109} INFO - [2022-06-22 10:34:55,347] {dag.py:2398} INFO - Sync 1 DAGs
[2022-06-22 10:34:55,370] {logging_mixin.py:109} INFO - [2022-06-22 10:34:55,370] {dag.py:2937} INFO - Setting next_dagrun for biq_6611_ipo_2_cos_58.py to 2022-06-21 00:00:00+00:00
[2022-06-22 10:34:55,394] {processor.py:171} INFO - Processing /opt/airflow/dags/cos6611/biq_6611_ipo_2_cos_58.py took 0.366 seconds
[2022-06-22 10:35:25,513] {processor.py:163} INFO - Started process (PID=25368) to work on /opt/airflow/dags/cos6611/biq_6611_ipo_2_cos_58.py
[2022-06-22 10:35:25,514] {processor.py:642} INFO - Processing file /opt/airflow/dags/cos6611/biq_6611_ipo_2_cos_58.py for tasks to queue
[2022-06-22 10:35:25,514] {logging_mixin.py:109} INFO - [2022-06-22 10:35:25,514] {dagbag.py:500} INFO - Filling up the DagBag from /opt/airflow/dags/cos6611/biq_6611_ipo_2_cos_58.py
[2022-06-22 10:35:25,811] {processor.py:654} INFO - DAG(s) dict_keys(['biq_6611_ipo_2_cos_58.py']) retrieved from /opt/airflow/dags/cos6611/biq_6611_ipo_2_cos_58.py
[2022-06-22 10:35:25,828] {logging_mixin.py:109} INFO - [2022-06-22 10:35:25,827] {dag.py:2398} INFO - Sync 1 DAGs
[2022-06-22 10:35:25,851] {logging_mixin.py:109} INFO - [2022-06-22 10:35:25,851] {dag.py:2937} INFO - Setting next_dagrun for biq_6611_ipo_2_cos_58.py to 2022-06-21 00:00:00+00:00
[2022-06-22 10:35:25,858] {processor.py:171} INFO - Processing /opt/airflow/dags/cos6611/biq_6611_ipo_2_cos_58.py took 0.346 seconds
[2022-06-22 10:35:56,507] {processor.py:163} INFO - Started process (PID=25509) to work on /opt/airflow/dags/cos6611/biq_6611_ipo_2_cos_58.py
[2022-06-22 10:35:56,513] {processor.py:642} INFO - Processing file /opt/airflow/dags/cos6611/biq_6611_ipo_2_cos_58.py for tasks to queue
[2022-06-22 10:35:56,513] {logging_mixin.py:109} INFO - [2022-06-22 10:35:56,513] {dagbag.py:500} INFO - Filling up the DagBag from /opt/airflow/dags/cos6611/biq_6611_ipo_2_cos_58.py
[2022-06-22 10:35:56,763] {processor.py:654} INFO - DAG(s) dict_keys(['biq_6611_ipo_2_cos_58.py']) retrieved from /opt/airflow/dags/cos6611/biq_6611_ipo_2_cos_58.py
[2022-06-22 10:35:56,780] {logging_mixin.py:109} INFO - [2022-06-22 10:35:56,780] {dag.py:2398} INFO - Sync 1 DAGs
[2022-06-22 10:35:56,793] {logging_mixin.py:109} INFO - [2022-06-22 10:35:56,793] {dag.py:2937} INFO - Setting next_dagrun for biq_6611_ipo_2_cos_58.py to 2022-06-21 00:00:00+00:00
[2022-06-22 10:35:56,801] {processor.py:171} INFO - Processing /opt/airflow/dags/cos6611/biq_6611_ipo_2_cos_58.py took 0.296 seconds
