[2022-06-22 10:34:27,547] {processor.py:163} INFO - Started process (PID=25120) to work on /opt/airflow/dags/cos6611/organizational_unit_actual.py
[2022-06-22 10:34:27,548] {processor.py:642} INFO - Processing file /opt/airflow/dags/cos6611/organizational_unit_actual.py for tasks to queue
[2022-06-22 10:34:27,548] {logging_mixin.py:109} INFO - [2022-06-22 10:34:27,548] {dagbag.py:500} INFO - Filling up the DagBag from /opt/airflow/dags/cos6611/organizational_unit_actual.py
[2022-06-22 10:34:27,813] {processor.py:654} INFO - DAG(s) dict_keys(['organizational_unit_actual.py']) retrieved from /opt/airflow/dags/cos6611/organizational_unit_actual.py
[2022-06-22 10:34:27,830] {logging_mixin.py:109} INFO - [2022-06-22 10:34:27,830] {dag.py:2398} INFO - Sync 1 DAGs
[2022-06-22 10:34:27,844] {logging_mixin.py:109} INFO - [2022-06-22 10:34:27,844] {dag.py:2937} INFO - Setting next_dagrun for organizational_unit_actual.py to 2022-06-16T12:28:00+00:00
[2022-06-22 10:34:27,850] {processor.py:171} INFO - Processing /opt/airflow/dags/cos6611/organizational_unit_actual.py took 0.305 seconds
[2022-06-22 10:34:58,214] {processor.py:163} INFO - Started process (PID=25254) to work on /opt/airflow/dags/cos6611/organizational_unit_actual.py
[2022-06-22 10:34:58,217] {processor.py:642} INFO - Processing file /opt/airflow/dags/cos6611/organizational_unit_actual.py for tasks to queue
[2022-06-22 10:34:58,218] {logging_mixin.py:109} INFO - [2022-06-22 10:34:58,218] {dagbag.py:500} INFO - Filling up the DagBag from /opt/airflow/dags/cos6611/organizational_unit_actual.py
[2022-06-22 10:34:58,514] {processor.py:654} INFO - DAG(s) dict_keys(['organizational_unit_actual.py']) retrieved from /opt/airflow/dags/cos6611/organizational_unit_actual.py
[2022-06-22 10:34:58,534] {logging_mixin.py:109} INFO - [2022-06-22 10:34:58,533] {dag.py:2398} INFO - Sync 1 DAGs
[2022-06-22 10:34:58,548] {logging_mixin.py:109} INFO - [2022-06-22 10:34:58,548] {dag.py:2937} INFO - Setting next_dagrun for organizational_unit_actual.py to 2022-06-16T12:28:00+00:00
[2022-06-22 10:34:58,602] {processor.py:171} INFO - Processing /opt/airflow/dags/cos6611/organizational_unit_actual.py took 0.395 seconds
[2022-06-22 10:35:29,363] {processor.py:163} INFO - Started process (PID=25408) to work on /opt/airflow/dags/cos6611/organizational_unit_actual.py
[2022-06-22 10:35:29,369] {processor.py:642} INFO - Processing file /opt/airflow/dags/cos6611/organizational_unit_actual.py for tasks to queue
[2022-06-22 10:35:29,370] {logging_mixin.py:109} INFO - [2022-06-22 10:35:29,370] {dagbag.py:500} INFO - Filling up the DagBag from /opt/airflow/dags/cos6611/organizational_unit_actual.py
[2022-06-22 10:35:29,647] {processor.py:654} INFO - DAG(s) dict_keys(['organizational_unit_actual.py']) retrieved from /opt/airflow/dags/cos6611/organizational_unit_actual.py
[2022-06-22 10:35:29,663] {logging_mixin.py:109} INFO - [2022-06-22 10:35:29,663] {dag.py:2398} INFO - Sync 1 DAGs
[2022-06-22 10:35:29,676] {logging_mixin.py:109} INFO - [2022-06-22 10:35:29,676] {dag.py:2937} INFO - Setting next_dagrun for organizational_unit_actual.py to 2022-06-16T12:28:00+00:00
[2022-06-22 10:35:29,748] {processor.py:171} INFO - Processing /opt/airflow/dags/cos6611/organizational_unit_actual.py took 0.394 seconds
[2022-06-22 10:35:59,797] {processor.py:163} INFO - Started process (PID=25550) to work on /opt/airflow/dags/cos6611/organizational_unit_actual.py
[2022-06-22 10:35:59,805] {processor.py:642} INFO - Processing file /opt/airflow/dags/cos6611/organizational_unit_actual.py for tasks to queue
[2022-06-22 10:35:59,807] {logging_mixin.py:109} INFO - [2022-06-22 10:35:59,807] {dagbag.py:500} INFO - Filling up the DagBag from /opt/airflow/dags/cos6611/organizational_unit_actual.py
[2022-06-22 10:36:00,086] {processor.py:654} INFO - DAG(s) dict_keys(['organizational_unit_actual.py']) retrieved from /opt/airflow/dags/cos6611/organizational_unit_actual.py
[2022-06-22 10:36:00,101] {logging_mixin.py:109} INFO - [2022-06-22 10:36:00,101] {dag.py:2398} INFO - Sync 1 DAGs
[2022-06-22 10:36:00,114] {logging_mixin.py:109} INFO - [2022-06-22 10:36:00,114] {dag.py:2937} INFO - Setting next_dagrun for organizational_unit_actual.py to 2022-06-16T12:28:00+00:00
[2022-06-22 10:36:00,121] {processor.py:171} INFO - Processing /opt/airflow/dags/cos6611/organizational_unit_actual.py took 0.326 seconds
