[2022-06-22 10:34:24,403] {processor.py:163} INFO - Started process (PID=25079) to work on /opt/airflow/dags/cso_2295/cso_2295_ipo_2_cso.py
[2022-06-22 10:34:24,403] {processor.py:642} INFO - Processing file /opt/airflow/dags/cso_2295/cso_2295_ipo_2_cso.py for tasks to queue
[2022-06-22 10:34:24,404] {logging_mixin.py:109} INFO - [2022-06-22 10:34:24,404] {dagbag.py:500} INFO - Filling up the DagBag from /opt/airflow/dags/cso_2295/cso_2295_ipo_2_cso.py
[2022-06-22 10:34:25,062] {processor.py:654} INFO - DAG(s) dict_keys(['cso_2295_ipo_2_cso.py']) retrieved from /opt/airflow/dags/cso_2295/cso_2295_ipo_2_cso.py
[2022-06-22 10:34:25,088] {logging_mixin.py:109} INFO - [2022-06-22 10:34:25,088] {dag.py:2398} INFO - Sync 1 DAGs
[2022-06-22 10:34:25,101] {logging_mixin.py:109} INFO - [2022-06-22 10:34:25,101] {dag.py:2937} INFO - Setting next_dagrun for cso_2295_ipo_2_cso.py to 2022-06-20 15:41:00+00:00
[2022-06-22 10:34:25,110] {processor.py:171} INFO - Processing /opt/airflow/dags/cso_2295/cso_2295_ipo_2_cso.py took 0.710 seconds
[2022-06-22 10:34:56,306] {processor.py:163} INFO - Started process (PID=25240) to work on /opt/airflow/dags/cso_2295/cso_2295_ipo_2_cso.py
[2022-06-22 10:34:56,306] {processor.py:642} INFO - Processing file /opt/airflow/dags/cso_2295/cso_2295_ipo_2_cso.py for tasks to queue
[2022-06-22 10:34:56,307] {logging_mixin.py:109} INFO - [2022-06-22 10:34:56,307] {dagbag.py:500} INFO - Filling up the DagBag from /opt/airflow/dags/cso_2295/cso_2295_ipo_2_cso.py
[2022-06-22 10:34:57,003] {processor.py:654} INFO - DAG(s) dict_keys(['cso_2295_ipo_2_cso.py']) retrieved from /opt/airflow/dags/cso_2295/cso_2295_ipo_2_cso.py
[2022-06-22 10:34:57,021] {logging_mixin.py:109} INFO - [2022-06-22 10:34:57,020] {dag.py:2398} INFO - Sync 1 DAGs
[2022-06-22 10:34:57,033] {logging_mixin.py:109} INFO - [2022-06-22 10:34:57,033] {dag.py:2937} INFO - Setting next_dagrun for cso_2295_ipo_2_cso.py to 2022-06-20 15:41:00+00:00
[2022-06-22 10:34:57,052] {processor.py:171} INFO - Processing /opt/airflow/dags/cso_2295/cso_2295_ipo_2_cso.py took 0.748 seconds
[2022-06-22 10:35:27,288] {processor.py:163} INFO - Started process (PID=25394) to work on /opt/airflow/dags/cso_2295/cso_2295_ipo_2_cso.py
[2022-06-22 10:35:27,294] {processor.py:642} INFO - Processing file /opt/airflow/dags/cso_2295/cso_2295_ipo_2_cso.py for tasks to queue
[2022-06-22 10:35:27,294] {logging_mixin.py:109} INFO - [2022-06-22 10:35:27,294] {dagbag.py:500} INFO - Filling up the DagBag from /opt/airflow/dags/cso_2295/cso_2295_ipo_2_cso.py
[2022-06-22 10:35:28,001] {processor.py:654} INFO - DAG(s) dict_keys(['cso_2295_ipo_2_cso.py']) retrieved from /opt/airflow/dags/cso_2295/cso_2295_ipo_2_cso.py
[2022-06-22 10:35:28,019] {logging_mixin.py:109} INFO - [2022-06-22 10:35:28,018] {dag.py:2398} INFO - Sync 1 DAGs
[2022-06-22 10:35:28,030] {logging_mixin.py:109} INFO - [2022-06-22 10:35:28,030] {dag.py:2937} INFO - Setting next_dagrun for cso_2295_ipo_2_cso.py to 2022-06-20 15:41:00+00:00
[2022-06-22 10:35:28,036] {processor.py:171} INFO - Processing /opt/airflow/dags/cso_2295/cso_2295_ipo_2_cso.py took 0.750 seconds
[2022-06-22 10:35:58,191] {processor.py:163} INFO - Started process (PID=25532) to work on /opt/airflow/dags/cso_2295/cso_2295_ipo_2_cso.py
[2022-06-22 10:35:58,191] {processor.py:642} INFO - Processing file /opt/airflow/dags/cso_2295/cso_2295_ipo_2_cso.py for tasks to queue
[2022-06-22 10:35:58,192] {logging_mixin.py:109} INFO - [2022-06-22 10:35:58,192] {dagbag.py:500} INFO - Filling up the DagBag from /opt/airflow/dags/cso_2295/cso_2295_ipo_2_cso.py
[2022-06-22 10:35:58,817] {processor.py:654} INFO - DAG(s) dict_keys(['cso_2295_ipo_2_cso.py']) retrieved from /opt/airflow/dags/cso_2295/cso_2295_ipo_2_cso.py
[2022-06-22 10:35:58,835] {logging_mixin.py:109} INFO - [2022-06-22 10:35:58,834] {dag.py:2398} INFO - Sync 1 DAGs
[2022-06-22 10:35:58,846] {logging_mixin.py:109} INFO - [2022-06-22 10:35:58,846] {dag.py:2937} INFO - Setting next_dagrun for cso_2295_ipo_2_cso.py to 2022-06-20 15:41:00+00:00
[2022-06-22 10:35:58,852] {processor.py:171} INFO - Processing /opt/airflow/dags/cso_2295/cso_2295_ipo_2_cso.py took 0.663 seconds
