[2022-06-22 10:34:29,991] {processor.py:163} INFO - Started process (PID=25150) to work on /opt/airflow/dags/cso_2295/cso_2295_ipo_2_cso_bd.py
[2022-06-22 10:34:29,991] {processor.py:642} INFO - Processing file /opt/airflow/dags/cso_2295/cso_2295_ipo_2_cso_bd.py for tasks to queue
[2022-06-22 10:34:29,992] {logging_mixin.py:109} INFO - [2022-06-22 10:34:29,992] {dagbag.py:500} INFO - Filling up the DagBag from /opt/airflow/dags/cso_2295/cso_2295_ipo_2_cso_bd.py
[2022-06-22 10:34:30,282] {processor.py:654} INFO - DAG(s) dict_keys(['cso_2295_ipo_2_cso_bd.py']) retrieved from /opt/airflow/dags/cso_2295/cso_2295_ipo_2_cso_bd.py
[2022-06-22 10:34:30,297] {logging_mixin.py:109} INFO - [2022-06-22 10:34:30,297] {dag.py:2398} INFO - Sync 1 DAGs
[2022-06-22 10:34:30,309] {logging_mixin.py:109} INFO - [2022-06-22 10:34:30,309] {dag.py:2937} INFO - Setting next_dagrun for cso_2295_ipo_2_cso_bd.py to 2022-06-20 15:41:00+00:00
[2022-06-22 10:34:30,315] {processor.py:171} INFO - Processing /opt/airflow/dags/cso_2295/cso_2295_ipo_2_cso_bd.py took 0.327 seconds
[2022-06-22 10:35:00,676] {processor.py:163} INFO - Started process (PID=25294) to work on /opt/airflow/dags/cso_2295/cso_2295_ipo_2_cso_bd.py
[2022-06-22 10:35:00,677] {processor.py:642} INFO - Processing file /opt/airflow/dags/cso_2295/cso_2295_ipo_2_cso_bd.py for tasks to queue
[2022-06-22 10:35:00,677] {logging_mixin.py:109} INFO - [2022-06-22 10:35:00,677] {dagbag.py:500} INFO - Filling up the DagBag from /opt/airflow/dags/cso_2295/cso_2295_ipo_2_cso_bd.py
[2022-06-22 10:35:00,909] {processor.py:654} INFO - DAG(s) dict_keys(['cso_2295_ipo_2_cso_bd.py']) retrieved from /opt/airflow/dags/cso_2295/cso_2295_ipo_2_cso_bd.py
[2022-06-22 10:35:00,924] {logging_mixin.py:109} INFO - [2022-06-22 10:35:00,923] {dag.py:2398} INFO - Sync 1 DAGs
[2022-06-22 10:35:00,935] {logging_mixin.py:109} INFO - [2022-06-22 10:35:00,935] {dag.py:2937} INFO - Setting next_dagrun for cso_2295_ipo_2_cso_bd.py to 2022-06-20 15:41:00+00:00
[2022-06-22 10:35:00,942] {processor.py:171} INFO - Processing /opt/airflow/dags/cso_2295/cso_2295_ipo_2_cso_bd.py took 0.268 seconds
[2022-06-22 10:35:31,893] {processor.py:163} INFO - Started process (PID=25444) to work on /opt/airflow/dags/cso_2295/cso_2295_ipo_2_cso_bd.py
[2022-06-22 10:35:31,894] {processor.py:642} INFO - Processing file /opt/airflow/dags/cso_2295/cso_2295_ipo_2_cso_bd.py for tasks to queue
[2022-06-22 10:35:31,894] {logging_mixin.py:109} INFO - [2022-06-22 10:35:31,894] {dagbag.py:500} INFO - Filling up the DagBag from /opt/airflow/dags/cso_2295/cso_2295_ipo_2_cso_bd.py
[2022-06-22 10:35:32,272] {processor.py:654} INFO - DAG(s) dict_keys(['cso_2295_ipo_2_cso_bd.py']) retrieved from /opt/airflow/dags/cso_2295/cso_2295_ipo_2_cso_bd.py
[2022-06-22 10:35:32,289] {logging_mixin.py:109} INFO - [2022-06-22 10:35:32,289] {dag.py:2398} INFO - Sync 1 DAGs
[2022-06-22 10:35:32,305] {logging_mixin.py:109} INFO - [2022-06-22 10:35:32,305] {dag.py:2937} INFO - Setting next_dagrun for cso_2295_ipo_2_cso_bd.py to 2022-06-20 15:41:00+00:00
[2022-06-22 10:35:32,314] {processor.py:171} INFO - Processing /opt/airflow/dags/cso_2295/cso_2295_ipo_2_cso_bd.py took 0.423 seconds
[2022-06-22 10:36:03,045] {processor.py:163} INFO - Started process (PID=25598) to work on /opt/airflow/dags/cso_2295/cso_2295_ipo_2_cso_bd.py
[2022-06-22 10:36:03,051] {processor.py:642} INFO - Processing file /opt/airflow/dags/cso_2295/cso_2295_ipo_2_cso_bd.py for tasks to queue
[2022-06-22 10:36:03,051] {logging_mixin.py:109} INFO - [2022-06-22 10:36:03,051] {dagbag.py:500} INFO - Filling up the DagBag from /opt/airflow/dags/cso_2295/cso_2295_ipo_2_cso_bd.py
[2022-06-22 10:36:03,278] {processor.py:654} INFO - DAG(s) dict_keys(['cso_2295_ipo_2_cso_bd.py']) retrieved from /opt/airflow/dags/cso_2295/cso_2295_ipo_2_cso_bd.py
[2022-06-22 10:36:03,294] {logging_mixin.py:109} INFO - [2022-06-22 10:36:03,293] {dag.py:2398} INFO - Sync 1 DAGs
[2022-06-22 10:36:03,306] {logging_mixin.py:109} INFO - [2022-06-22 10:36:03,306] {dag.py:2937} INFO - Setting next_dagrun for cso_2295_ipo_2_cso_bd.py to 2022-06-20 15:41:00+00:00
[2022-06-22 10:36:03,312] {processor.py:171} INFO - Processing /opt/airflow/dags/cso_2295/cso_2295_ipo_2_cso_bd.py took 0.269 seconds
